Residue_number	Residue_type	Prediction	Order_score	Average_raw_score
1		M		D		-0.606944	0.884536
2		T		D		-0.647058	-0.629629
3		D		D		-0.761501	-0.957041
4		A		D		-0.795068	-0.939646
5		F		D		-0.79777	-0.541846
6		D		D		-0.698615	-1.45804
7		R		D		-0.845555	-0.887744
8		L		D		-0.740745	-1.5626
9		K		D		-0.696323	-1.0636
10		K		D		-0.756467	-0.82209
11		R		D		-0.771852	0.292932
12		S		D		-0.687472	-0.731798
13		R		D		-0.56197	0.523279
14		T		D		-0.432727	-0.468395
15		P		D		-0.468385	-1.60123
16		I		D		-0.440226	-0.711089
17		A		D		-0.552349	-0.529857
18		R		D		-0.513717	0.492781
19		E		D		-0.611625	-0.140932
20		G		D		-0.582583	-1.45584
21		S		D		-0.534218	-0.512347
22		L		D		-0.474084	-0.940419
23		T		D		-0.468507	-0.306845
24		T		D		-0.575316	-0.553707
25		G		D		-0.629614	-0.148934
26		P		D		-0.511583	-1.06921
27		E		D		-0.511456	-0.0496197
