core.init: Checking for fconfig files in pwd and ./rosetta/flags 
core.init: Rosetta version: rosetta.source.release-247 r247 2020.08+release.cb1caba cb1cabafd7463ab703f6abf5efa33d2707b85924 https://www.rosettacommons.org 2020-02-22T18:49:33.865989
core.init: command: /home/limcaoco/rosetta/rosetta3.12/main/source/bin/rosetta_scripts.default.linuxgccrelease -database /home/limcaoco/rosetta/rosetta3.12/main/database @ /home/limcaoco/ATPase_project/input_files/options/MTNLE_carboxysome_rmsd.options -in:file:silent /scratch/ave_root/ave0/limcaoco/flex_dock_MTNLE_carboxysome_11_17_2021/out_files/carboxysome_flex_dock_28828657_28.out -out:nstruct 1 -out:file:score_only /home/limcaoco/ATPase_project/output_files/rmsd/carboxysome_relax_29228595_1.sc
basic.random.init_random_generator: 'RNG device' seed mode, using '/dev/urandom', seed=328011104 seed_offset=0 real_seed=328011104
basic.random.init_random_generator: RandomGenerator:init: Normal mode, seed=328011104 RG_type=mt19937
core.io.silent.SilentFileData: Reading all structures from /scratch/ave_root/ave0/limcaoco/flex_dock_MTNLE_carboxysome_11_17_2021/out_files/carboxysome_flex_dock_28828657_28.out
core.io.silent.SilentFileData: Finished reading 48 structures from /scratch/ave_root/ave0/limcaoco/flex_dock_MTNLE_carboxysome_11_17_2021/out_files/carboxysome_flex_dock_28828657_28.out
core.chemical.GlobalResidueTypeSet: Finished initializing fa_standard residue type set.  Created 980 residue types
core.chemical.GlobalResidueTypeSet: Total time to initialize 0.88 seconds.
core.import_pose.import_pose: File '/home/limcaoco/ATPase_project/intermediate_files/reference_pdbs/MTNLE_pep_carboxysome_ref.pdb' automatically determined to be of type PDB
protocols.evaluation.ChiWellRmsdEvaluatorCreator: Evaluation Creator active ... 
protocols.rosetta_scripts.RosettaScriptsParser: dock_design_filename=/home/limcaoco/ATPase_project/input_files/rosettascripts/RMSD.xml
protocols.rosetta_scripts.RosettaScriptsParser: Generating XML Schema for rosetta_scripts...
protocols.rosetta_scripts.RosettaScriptsParser: ...done
protocols.rosetta_scripts.RosettaScriptsParser: Initializing schema validator...
protocols.rosetta_scripts.RosettaScriptsParser: ...done
protocols.rosetta_scripts.RosettaScriptsParser: Validating input script...
protocols.rosetta_scripts.RosettaScriptsParser: ...done
protocols.rosetta_scripts.RosettaScriptsParser: Parsed script:
<ROSETTASCRIPTS>
	<SCOREFXNS>
		<ScoreFunction name="all_atom" weights="ref2015"/>
	</SCOREFXNS>
	<SIMPLE_METRICS>
		<RMSDMetric name="rmsd" rmsd_type="rmsd_protein_bb_heavy" use_native="True"/>
	</SIMPLE_METRICS>
	<MOVERS>
		<RunSimpleMetrics name="rmsd_calc" override="True"/>
	</MOVERS>
	<PROTOCOLS>
		<Add mover="rmsd_calc"/>
	</PROTOCOLS>
</ROSETTASCRIPTS>
protocols.rosetta_scripts.RosettaScriptsParser: Loading native resource as native_pose to the datamap 
core.import_pose.import_pose: File '/home/limcaoco/ATPase_project/intermediate_files/reference_pdbs/MTNLE_pep_carboxysome_ref.pdb' automatically determined to be of type PDB
core.scoring.ScoreFunctionFactory: SCOREFUNCTION: ref2015
core.scoring.etable: Starting energy table calculation
core.scoring.etable: smooth_etable: changing atr/rep split to bottom of energy well
core.scoring.etable: smooth_etable: spline smoothing lj etables (maxdis = 6)
core.scoring.etable: smooth_etable: spline smoothing solvation etables (max_dis = 6)
core.scoring.etable: Finished calculating energy tables.
basic.io.database: Database file opened: scoring/score_functions/hbonds/ref2015_params/HBPoly1D.csv
basic.io.database: Database file opened: scoring/score_functions/hbonds/ref2015_params/HBFadeIntervals.csv
basic.io.database: Database file opened: scoring/score_functions/hbonds/ref2015_params/HBEval.csv
basic.io.database: Database file opened: scoring/score_functions/hbonds/ref2015_params/DonStrength.csv
basic.io.database: Database file opened: scoring/score_functions/hbonds/ref2015_params/AccStrength.csv
basic.io.database: Database file opened: scoring/score_functions/rama/fd/all.ramaProb
basic.io.database: Database file opened: scoring/score_functions/rama/fd/prepro.ramaProb
basic.io.database: Database file opened: scoring/score_functions/omega/omega_ppdep.all.txt
basic.io.database: Database file opened: scoring/score_functions/omega/omega_ppdep.gly.txt
basic.io.database: Database file opened: scoring/score_functions/omega/omega_ppdep.pro.txt
basic.io.database: Database file opened: scoring/score_functions/omega/omega_ppdep.valile.txt
basic.io.database: Database file opened: scoring/score_functions/P_AA_pp/P_AA
basic.io.database: Database file opened: scoring/score_functions/P_AA_pp/P_AA_n
core.scoring.P_AA: shapovalov_lib::shap_p_aa_pp_smooth_level of 1( aka low_smooth ) got activated.
basic.io.database: Database file opened: scoring/score_functions/P_AA_pp/shapovalov/10deg/kappa131/a20.prop
core.scoring.etable: Starting energy table calculation
core.scoring.etable: smooth_etable: changing atr/rep split to bottom of energy well
core.scoring.etable: smooth_etable: spline smoothing lj etables (maxdis = 6)
core.scoring.etable: smooth_etable: spline smoothing solvation etables (max_dis = 6)
core.scoring.etable: Finished calculating energy tables.
basic.io.database: Database file opened: scoring/score_functions/PairEPotential/pdb_pair_stats_fine
basic.io.database: Database file opened: scoring/score_functions/InterchainPotential/interchain_env_log.txt
basic.io.database: Database file opened: scoring/score_functions/InterchainPotential/interchain_pair_log.txt
basic.io.database: Database file opened: scoring/score_functions/EnvPairPotential/env_log.txt
basic.io.database: Database file opened: scoring/score_functions/EnvPairPotential/cbeta_den.txt
basic.io.database: Database file opened: scoring/score_functions/EnvPairPotential/pair_log.txt
basic.io.database: Database file opened: scoring/score_functions/EnvPairPotential/cenpack_log.txt
core.scoring.ramachandran: shapovalov_lib::shap_rama_smooth_level of 4( aka highest_smooth ) got activated.
basic.io.database: Database file opened: scoring/score_functions/rama/shapovalov/kappa25/all.ramaProb
protocols.jd2.parser.ScoreFunctionLoader: defined score function "all_atom" with weights "ref2015"
protocols.rosetta_scripts.RosettaScriptsParser: Defined mover named "rmsd_calc" of type RunSimpleMetrics
protocols.rosetta_scripts.ParsedProtocol: ParsedProtocol mover with the following movers and filters
protocols.rosetta_scripts.ParsedProtocol: added mover "rmsd_calc" with filter "true_filter"
protocols.rosetta_scripts.ParsedProtocol: =======================BEGIN MOVER RunSimpleMetrics - rmsd_calc=======================
protocols.rosetta_scripts.ParsedProtocol: setting status to success
protocols.jd2.JobDistributor: MTNLE_pep_carboxysome_28_28828657_0203_0001 reported success in 9 seconds
protocols.rosetta_scripts.RosettaScriptsParser: dock_design_filename=/home/limcaoco/ATPase_project/input_files/rosettascripts/RMSD.xml
protocols.rosetta_scripts.RosettaScriptsParser: Validating input script...
protocols.rosetta_scripts.RosettaScriptsParser: ...done
protocols.rosetta_scripts.RosettaScriptsParser: Parsed script:
<ROSETTASCRIPTS>
	<SCOREFXNS>
		<ScoreFunction name="all_atom" weights="ref2015"/>
	</SCOREFXNS>
	<SIMPLE_METRICS>
		<RMSDMetric name="rmsd" rmsd_type="rmsd_protein_bb_heavy" use_native="True"/>
	</SIMPLE_METRICS>
	<MOVERS>
		<RunSimpleMetrics name="rmsd_calc" override="True"/>
	</MOVERS>
	<PROTOCOLS>
		<Add mover="rmsd_calc"/>
	</PROTOCOLS>
</ROSETTASCRIPTS>
protocols.rosetta_scripts.RosettaScriptsParser: Loading native resource as native_pose to the datamap 
core.import_pose.import_pose: File '/home/limcaoco/ATPase_project/intermediate_files/reference_pdbs/MTNLE_pep_carboxysome_ref.pdb' automatically determined to be of type PDB
core.scoring.ScoreFunctionFactory: SCOREFUNCTION: ref2015
protocols.jd2.parser.ScoreFunctionLoader: defined score function "all_atom" with weights "ref2015"
protocols.rosetta_scripts.RosettaScriptsParser: Defined mover named "rmsd_calc" of type RunSimpleMetrics
protocols.rosetta_scripts.ParsedProtocol: ParsedProtocol mover with the following movers and filters
protocols.rosetta_scripts.ParsedProtocol: added mover "rmsd_calc" with filter "true_filter"
protocols.rosetta_scripts.ParsedProtocol: =======================BEGIN MOVER RunSimpleMetrics - rmsd_calc=======================
protocols.rosetta_scripts.ParsedProtocol: setting status to success
protocols.jd2.JobDistributor: MTNLE_pep_carboxysome_28_28828657_0204_0001 reported success in 2 seconds
protocols.rosetta_scripts.RosettaScriptsParser: dock_design_filename=/home/limcaoco/ATPase_project/input_files/rosettascripts/RMSD.xml
protocols.rosetta_scripts.RosettaScriptsParser: Validating input script...
protocols.rosetta_scripts.RosettaScriptsParser: ...done
protocols.rosetta_scripts.RosettaScriptsParser: Parsed script:
<ROSETTASCRIPTS>
	<SCOREFXNS>
		<ScoreFunction name="all_atom" weights="ref2015"/>
	</SCOREFXNS>
	<SIMPLE_METRICS>
		<RMSDMetric name="rmsd" rmsd_type="rmsd_protein_bb_heavy" use_native="True"/>
	</SIMPLE_METRICS>
	<MOVERS>
		<RunSimpleMetrics name="rmsd_calc" override="True"/>
	</MOVERS>
	<PROTOCOLS>
		<Add mover="rmsd_calc"/>
	</PROTOCOLS>
</ROSETTASCRIPTS>
protocols.rosetta_scripts.RosettaScriptsParser: Loading native resource as native_pose to the datamap 
core.import_pose.import_pose: File '/home/limcaoco/ATPase_project/intermediate_files/reference_pdbs/MTNLE_pep_carboxysome_ref.pdb' automatically determined to be of type PDB
core.scoring.ScoreFunctionFactory: SCOREFUNCTION: ref2015
protocols.jd2.parser.ScoreFunctionLoader: defined score function "all_atom" with weights "ref2015"
protocols.rosetta_scripts.RosettaScriptsParser: Defined mover named "rmsd_calc" of type RunSimpleMetrics
protocols.rosetta_scripts.ParsedProtocol: ParsedProtocol mover with the following movers and filters
protocols.rosetta_scripts.ParsedProtocol: added mover "rmsd_calc" with filter "true_filter"
protocols.rosetta_scripts.ParsedProtocol: =======================BEGIN MOVER RunSimpleMetrics - rmsd_calc=======================
protocols.rosetta_scripts.ParsedProtocol: setting status to success
protocols.jd2.JobDistributor: MTNLE_pep_carboxysome_28_28828657_0205_0001 reported success in 2 seconds
protocols.rosetta_scripts.RosettaScriptsParser: dock_design_filename=/home/limcaoco/ATPase_project/input_files/rosettascripts/RMSD.xml
protocols.rosetta_scripts.RosettaScriptsParser: Validating input script...
protocols.rosetta_scripts.RosettaScriptsParser: ...done
protocols.rosetta_scripts.RosettaScriptsParser: Parsed script:
<ROSETTASCRIPTS>
	<SCOREFXNS>
		<ScoreFunction name="all_atom" weights="ref2015"/>
	</SCOREFXNS>
	<SIMPLE_METRICS>
		<RMSDMetric name="rmsd" rmsd_type="rmsd_protein_bb_heavy" use_native="True"/>
	</SIMPLE_METRICS>
	<MOVERS>
		<RunSimpleMetrics name="rmsd_calc" override="True"/>
	</MOVERS>
	<PROTOCOLS>
		<Add mover="rmsd_calc"/>
	</PROTOCOLS>
</ROSETTASCRIPTS>
protocols.rosetta_scripts.RosettaScriptsParser: Loading native resource as native_pose to the datamap 
core.import_pose.import_pose: File '/home/limcaoco/ATPase_project/intermediate_files/reference_pdbs/MTNLE_pep_carboxysome_ref.pdb' automatically determined to be of type PDB
core.scoring.ScoreFunctionFactory: SCOREFUNCTION: ref2015
protocols.jd2.parser.ScoreFunctionLoader: defined score function "all_atom" with weights "ref2015"
protocols.rosetta_scripts.RosettaScriptsParser: Defined mover named "rmsd_calc" of type RunSimpleMetrics
protocols.rosetta_scripts.ParsedProtocol: ParsedProtocol mover with the following movers and filters
protocols.rosetta_scripts.ParsedProtocol: added mover "rmsd_calc" with filter "true_filter"
protocols.rosetta_scripts.ParsedProtocol: =======================BEGIN MOVER RunSimpleMetrics - rmsd_calc=======================
protocols.rosetta_scripts.ParsedProtocol: setting status to success
protocols.jd2.JobDistributor: MTNLE_pep_carboxysome_28_28828657_0206_0001 reported success in 2 seconds
protocols.rosetta_scripts.RosettaScriptsParser: dock_design_filename=/home/limcaoco/ATPase_project/input_files/rosettascripts/RMSD.xml
protocols.rosetta_scripts.RosettaScriptsParser: Validating input script...
protocols.rosetta_scripts.RosettaScriptsParser: ...done
protocols.rosetta_scripts.RosettaScriptsParser: Parsed script:
<ROSETTASCRIPTS>
	<SCOREFXNS>
		<ScoreFunction name="all_atom" weights="ref2015"/>
	</SCOREFXNS>
	<SIMPLE_METRICS>
		<RMSDMetric name="rmsd" rmsd_type="rmsd_protein_bb_heavy" use_native="True"/>
	</SIMPLE_METRICS>
	<MOVERS>
		<RunSimpleMetrics name="rmsd_calc" override="True"/>
	</MOVERS>
	<PROTOCOLS>
		<Add mover="rmsd_calc"/>
	</PROTOCOLS>
</ROSETTASCRIPTS>
protocols.rosetta_scripts.RosettaScriptsParser: Loading native resource as native_pose to the datamap 
core.import_pose.import_pose: File '/home/limcaoco/ATPase_project/intermediate_files/reference_pdbs/MTNLE_pep_carboxysome_ref.pdb' automatically determined to be of type PDB
core.scoring.ScoreFunctionFactory: SCOREFUNCTION: ref2015
protocols.jd2.parser.ScoreFunctionLoader: defined score function "all_atom" with weights "ref2015"
protocols.rosetta_scripts.RosettaScriptsParser: Defined mover named "rmsd_calc" of type RunSimpleMetrics
protocols.rosetta_scripts.ParsedProtocol: ParsedProtocol mover with the following movers and filters
protocols.rosetta_scripts.ParsedProtocol: added mover "rmsd_calc" with filter "true_filter"
protocols.rosetta_scripts.ParsedProtocol: =======================BEGIN MOVER RunSimpleMetrics - rmsd_calc=======================
protocols.rosetta_scripts.ParsedProtocol: setting status to success
protocols.jd2.JobDistributor: MTNLE_pep_carboxysome_28_28828657_0207_0001 reported success in 2 seconds
protocols.rosetta_scripts.RosettaScriptsParser: dock_design_filename=/home/limcaoco/ATPase_project/input_files/rosettascripts/RMSD.xml
protocols.rosetta_scripts.RosettaScriptsParser: Validating input script...
protocols.rosetta_scripts.RosettaScriptsParser: ...done
protocols.rosetta_scripts.RosettaScriptsParser: Parsed script:
<ROSETTASCRIPTS>
	<SCOREFXNS>
		<ScoreFunction name="all_atom" weights="ref2015"/>
	</SCOREFXNS>
	<SIMPLE_METRICS>
		<RMSDMetric name="rmsd" rmsd_type="rmsd_protein_bb_heavy" use_native="True"/>
	</SIMPLE_METRICS>
	<MOVERS>
		<RunSimpleMetrics name="rmsd_calc" override="True"/>
	</MOVERS>
	<PROTOCOLS>
		<Add mover="rmsd_calc"/>
	</PROTOCOLS>
</ROSETTASCRIPTS>
protocols.rosetta_scripts.RosettaScriptsParser: Loading native resource as native_pose to the datamap 
core.import_pose.import_pose: File '/home/limcaoco/ATPase_project/intermediate_files/reference_pdbs/MTNLE_pep_carboxysome_ref.pdb' automatically determined to be of type PDB
core.scoring.ScoreFunctionFactory: SCOREFUNCTION: ref2015
protocols.jd2.parser.ScoreFunctionLoader: defined score function "all_atom" with weights "ref2015"
protocols.rosetta_scripts.RosettaScriptsParser: Defined mover named "rmsd_calc" of type RunSimpleMetrics
protocols.rosetta_scripts.ParsedProtocol: ParsedProtocol mover with the following movers and filters
protocols.rosetta_scripts.ParsedProtocol: added mover "rmsd_calc" with filter "true_filter"
protocols.rosetta_scripts.ParsedProtocol: =======================BEGIN MOVER RunSimpleMetrics - rmsd_calc=======================
protocols.rosetta_scripts.ParsedProtocol: setting status to success
protocols.jd2.JobDistributor: MTNLE_pep_carboxysome_28_28828657_0208_0001 reported success in 2 seconds
protocols.rosetta_scripts.RosettaScriptsParser: dock_design_filename=/home/limcaoco/ATPase_project/input_files/rosettascripts/RMSD.xml
protocols.rosetta_scripts.RosettaScriptsParser: Validating input script...
protocols.rosetta_scripts.RosettaScriptsParser: ...done
protocols.rosetta_scripts.RosettaScriptsParser: Parsed script:
<ROSETTASCRIPTS>
	<SCOREFXNS>
		<ScoreFunction name="all_atom" weights="ref2015"/>
	</SCOREFXNS>
	<SIMPLE_METRICS>
		<RMSDMetric name="rmsd" rmsd_type="rmsd_protein_bb_heavy" use_native="True"/>
	</SIMPLE_METRICS>
	<MOVERS>
		<RunSimpleMetrics name="rmsd_calc" override="True"/>
	</MOVERS>
	<PROTOCOLS>
		<Add mover="rmsd_calc"/>
	</PROTOCOLS>
</ROSETTASCRIPTS>
protocols.rosetta_scripts.RosettaScriptsParser: Loading native resource as native_pose to the datamap 
core.import_pose.import_pose: File '/home/limcaoco/ATPase_project/intermediate_files/reference_pdbs/MTNLE_pep_carboxysome_ref.pdb' automatically determined to be of type PDB
core.scoring.ScoreFunctionFactory: SCOREFUNCTION: ref2015
protocols.jd2.parser.ScoreFunctionLoader: defined score function "all_atom" with weights "ref2015"
protocols.rosetta_scripts.RosettaScriptsParser: Defined mover named "rmsd_calc" of type RunSimpleMetrics
protocols.rosetta_scripts.ParsedProtocol: ParsedProtocol mover with the following movers and filters
protocols.rosetta_scripts.ParsedProtocol: added mover "rmsd_calc" with filter "true_filter"
protocols.rosetta_scripts.ParsedProtocol: =======================BEGIN MOVER RunSimpleMetrics - rmsd_calc=======================
protocols.rosetta_scripts.ParsedProtocol: setting status to success
protocols.jd2.JobDistributor: MTNLE_pep_carboxysome_28_28828657_0209_0001 reported success in 1 seconds
protocols.rosetta_scripts.RosettaScriptsParser: dock_design_filename=/home/limcaoco/ATPase_project/input_files/rosettascripts/RMSD.xml
protocols.rosetta_scripts.RosettaScriptsParser: Validating input script...
protocols.rosetta_scripts.RosettaScriptsParser: ...done
protocols.rosetta_scripts.RosettaScriptsParser: Parsed script:
<ROSETTASCRIPTS>
	<SCOREFXNS>
		<ScoreFunction name="all_atom" weights="ref2015"/>
	</SCOREFXNS>
	<SIMPLE_METRICS>
		<RMSDMetric name="rmsd" rmsd_type="rmsd_protein_bb_heavy" use_native="True"/>
	</SIMPLE_METRICS>
	<MOVERS>
		<RunSimpleMetrics name="rmsd_calc" override="True"/>
	</MOVERS>
	<PROTOCOLS>
		<Add mover="rmsd_calc"/>
	</PROTOCOLS>
</ROSETTASCRIPTS>
protocols.rosetta_scripts.RosettaScriptsParser: Loading native resource as native_pose to the datamap 
core.import_pose.import_pose: File '/home/limcaoco/ATPase_project/intermediate_files/reference_pdbs/MTNLE_pep_carboxysome_ref.pdb' automatically determined to be of type PDB
core.scoring.ScoreFunctionFactory: SCOREFUNCTION: ref2015
protocols.jd2.parser.ScoreFunctionLoader: defined score function "all_atom" with weights "ref2015"
protocols.rosetta_scripts.RosettaScriptsParser: Defined mover named "rmsd_calc" of type RunSimpleMetrics
protocols.rosetta_scripts.ParsedProtocol: ParsedProtocol mover with the following movers and filters
protocols.rosetta_scripts.ParsedProtocol: added mover "rmsd_calc" with filter "true_filter"
protocols.rosetta_scripts.ParsedProtocol: =======================BEGIN MOVER RunSimpleMetrics - rmsd_calc=======================
protocols.rosetta_scripts.ParsedProtocol: setting status to success
protocols.jd2.JobDistributor: MTNLE_pep_carboxysome_28_28828657_0210_0001 reported success in 2 seconds
protocols.rosetta_scripts.RosettaScriptsParser: dock_design_filename=/home/limcaoco/ATPase_project/input_files/rosettascripts/RMSD.xml
protocols.rosetta_scripts.RosettaScriptsParser: Validating input script...
protocols.rosetta_scripts.RosettaScriptsParser: ...done
protocols.rosetta_scripts.RosettaScriptsParser: Parsed script:
<ROSETTASCRIPTS>
	<SCOREFXNS>
		<ScoreFunction name="all_atom" weights="ref2015"/>
	</SCOREFXNS>
	<SIMPLE_METRICS>
		<RMSDMetric name="rmsd" rmsd_type="rmsd_protein_bb_heavy" use_native="True"/>
	</SIMPLE_METRICS>
	<MOVERS>
		<RunSimpleMetrics name="rmsd_calc" override="True"/>
	</MOVERS>
	<PROTOCOLS>
		<Add mover="rmsd_calc"/>
	</PROTOCOLS>
</ROSETTASCRIPTS>
protocols.rosetta_scripts.RosettaScriptsParser: Loading native resource as native_pose to the datamap 
core.import_pose.import_pose: File '/home/limcaoco/ATPase_project/intermediate_files/reference_pdbs/MTNLE_pep_carboxysome_ref.pdb' automatically determined to be of type PDB
core.scoring.ScoreFunctionFactory: SCOREFUNCTION: ref2015
protocols.jd2.parser.ScoreFunctionLoader: defined score function "all_atom" with weights "ref2015"
protocols.rosetta_scripts.RosettaScriptsParser: Defined mover named "rmsd_calc" of type RunSimpleMetrics
protocols.rosetta_scripts.ParsedProtocol: ParsedProtocol mover with the following movers and filters
protocols.rosetta_scripts.ParsedProtocol: added mover "rmsd_calc" with filter "true_filter"
protocols.rosetta_scripts.ParsedProtocol: =======================BEGIN MOVER RunSimpleMetrics - rmsd_calc=======================
protocols.rosetta_scripts.ParsedProtocol: setting status to success
protocols.jd2.JobDistributor: MTNLE_pep_carboxysome_28_28828657_0211_0001 reported success in 2 seconds
protocols.rosetta_scripts.RosettaScriptsParser: dock_design_filename=/home/limcaoco/ATPase_project/input_files/rosettascripts/RMSD.xml
protocols.rosetta_scripts.RosettaScriptsParser: Validating input script...
protocols.rosetta_scripts.RosettaScriptsParser: ...done
protocols.rosetta_scripts.RosettaScriptsParser: Parsed script:
<ROSETTASCRIPTS>
	<SCOREFXNS>
		<ScoreFunction name="all_atom" weights="ref2015"/>
	</SCOREFXNS>
	<SIMPLE_METRICS>
		<RMSDMetric name="rmsd" rmsd_type="rmsd_protein_bb_heavy" use_native="True"/>
	</SIMPLE_METRICS>
	<MOVERS>
		<RunSimpleMetrics name="rmsd_calc" override="True"/>
	</MOVERS>
	<PROTOCOLS>
		<Add mover="rmsd_calc"/>
	</PROTOCOLS>
</ROSETTASCRIPTS>
protocols.rosetta_scripts.RosettaScriptsParser: Loading native resource as native_pose to the datamap 
core.import_pose.import_pose: File '/home/limcaoco/ATPase_project/intermediate_files/reference_pdbs/MTNLE_pep_carboxysome_ref.pdb' automatically determined to be of type PDB
core.scoring.ScoreFunctionFactory: SCOREFUNCTION: ref2015
protocols.jd2.parser.ScoreFunctionLoader: defined score function "all_atom" with weights "ref2015"
protocols.rosetta_scripts.RosettaScriptsParser: Defined mover named "rmsd_calc" of type RunSimpleMetrics
protocols.rosetta_scripts.ParsedProtocol: ParsedProtocol mover with the following movers and filters
protocols.rosetta_scripts.ParsedProtocol: added mover "rmsd_calc" with filter "true_filter"
protocols.rosetta_scripts.ParsedProtocol: =======================BEGIN MOVER RunSimpleMetrics - rmsd_calc=======================
protocols.rosetta_scripts.ParsedProtocol: setting status to success
protocols.jd2.JobDistributor: MTNLE_pep_carboxysome_28_28828657_0212_0001 reported success in 2 seconds
protocols.rosetta_scripts.RosettaScriptsParser: dock_design_filename=/home/limcaoco/ATPase_project/input_files/rosettascripts/RMSD.xml
protocols.rosetta_scripts.RosettaScriptsParser: Validating input script...
protocols.rosetta_scripts.RosettaScriptsParser: ...done
protocols.rosetta_scripts.RosettaScriptsParser: Parsed script:
<ROSETTASCRIPTS>
	<SCOREFXNS>
		<ScoreFunction name="all_atom" weights="ref2015"/>
	</SCOREFXNS>
	<SIMPLE_METRICS>
		<RMSDMetric name="rmsd" rmsd_type="rmsd_protein_bb_heavy" use_native="True"/>
	</SIMPLE_METRICS>
	<MOVERS>
		<RunSimpleMetrics name="rmsd_calc" override="True"/>
	</MOVERS>
	<PROTOCOLS>
		<Add mover="rmsd_calc"/>
	</PROTOCOLS>
</ROSETTASCRIPTS>
protocols.rosetta_scripts.RosettaScriptsParser: Loading native resource as native_pose to the datamap 
core.import_pose.import_pose: File '/home/limcaoco/ATPase_project/intermediate_files/reference_pdbs/MTNLE_pep_carboxysome_ref.pdb' automatically determined to be of type PDB
core.scoring.ScoreFunctionFactory: SCOREFUNCTION: ref2015
protocols.jd2.parser.ScoreFunctionLoader: defined score function "all_atom" with weights "ref2015"
protocols.rosetta_scripts.RosettaScriptsParser: Defined mover named "rmsd_calc" of type RunSimpleMetrics
protocols.rosetta_scripts.ParsedProtocol: ParsedProtocol mover with the following movers and filters
protocols.rosetta_scripts.ParsedProtocol: added mover "rmsd_calc" with filter "true_filter"
protocols.rosetta_scripts.ParsedProtocol: =======================BEGIN MOVER RunSimpleMetrics - rmsd_calc=======================
protocols.rosetta_scripts.ParsedProtocol: setting status to success
protocols.jd2.JobDistributor: MTNLE_pep_carboxysome_28_28828657_0213_0001 reported success in 2 seconds
protocols.rosetta_scripts.RosettaScriptsParser: dock_design_filename=/home/limcaoco/ATPase_project/input_files/rosettascripts/RMSD.xml
protocols.rosetta_scripts.RosettaScriptsParser: Validating input script...
protocols.rosetta_scripts.RosettaScriptsParser: ...done
protocols.rosetta_scripts.RosettaScriptsParser: Parsed script:
<ROSETTASCRIPTS>
	<SCOREFXNS>
		<ScoreFunction name="all_atom" weights="ref2015"/>
	</SCOREFXNS>
	<SIMPLE_METRICS>
		<RMSDMetric name="rmsd" rmsd_type="rmsd_protein_bb_heavy" use_native="True"/>
	</SIMPLE_METRICS>
	<MOVERS>
		<RunSimpleMetrics name="rmsd_calc" override="True"/>
	</MOVERS>
	<PROTOCOLS>
		<Add mover="rmsd_calc"/>
	</PROTOCOLS>
</ROSETTASCRIPTS>
protocols.rosetta_scripts.RosettaScriptsParser: Loading native resource as native_pose to the datamap 
core.import_pose.import_pose: File '/home/limcaoco/ATPase_project/intermediate_files/reference_pdbs/MTNLE_pep_carboxysome_ref.pdb' automatically determined to be of type PDB
core.scoring.ScoreFunctionFactory: SCOREFUNCTION: ref2015
protocols.jd2.parser.ScoreFunctionLoader: defined score function "all_atom" with weights "ref2015"
protocols.rosetta_scripts.RosettaScriptsParser: Defined mover named "rmsd_calc" of type RunSimpleMetrics
protocols.rosetta_scripts.ParsedProtocol: ParsedProtocol mover with the following movers and filters
protocols.rosetta_scripts.ParsedProtocol: added mover "rmsd_calc" with filter "true_filter"
protocols.rosetta_scripts.ParsedProtocol: =======================BEGIN MOVER RunSimpleMetrics - rmsd_calc=======================
protocols.rosetta_scripts.ParsedProtocol: setting status to success
protocols.jd2.JobDistributor: MTNLE_pep_carboxysome_28_28828657_0214_0001 reported success in 2 seconds
protocols.rosetta_scripts.RosettaScriptsParser: dock_design_filename=/home/limcaoco/ATPase_project/input_files/rosettascripts/RMSD.xml
protocols.rosetta_scripts.RosettaScriptsParser: Validating input script...
protocols.rosetta_scripts.RosettaScriptsParser: ...done
protocols.rosetta_scripts.RosettaScriptsParser: Parsed script:
<ROSETTASCRIPTS>
	<SCOREFXNS>
		<ScoreFunction name="all_atom" weights="ref2015"/>
	</SCOREFXNS>
	<SIMPLE_METRICS>
		<RMSDMetric name="rmsd" rmsd_type="rmsd_protein_bb_heavy" use_native="True"/>
	</SIMPLE_METRICS>
	<MOVERS>
		<RunSimpleMetrics name="rmsd_calc" override="True"/>
	</MOVERS>
	<PROTOCOLS>
		<Add mover="rmsd_calc"/>
	</PROTOCOLS>
</ROSETTASCRIPTS>
protocols.rosetta_scripts.RosettaScriptsParser: Loading native resource as native_pose to the datamap 
core.import_pose.import_pose: File '/home/limcaoco/ATPase_project/intermediate_files/reference_pdbs/MTNLE_pep_carboxysome_ref.pdb' automatically determined to be of type PDB
core.scoring.ScoreFunctionFactory: SCOREFUNCTION: ref2015
protocols.jd2.parser.ScoreFunctionLoader: defined score function "all_atom" with weights "ref2015"
protocols.rosetta_scripts.RosettaScriptsParser: Defined mover named "rmsd_calc" of type RunSimpleMetrics
protocols.rosetta_scripts.ParsedProtocol: ParsedProtocol mover with the following movers and filters
protocols.rosetta_scripts.ParsedProtocol: added mover "rmsd_calc" with filter "true_filter"
protocols.rosetta_scripts.ParsedProtocol: =======================BEGIN MOVER RunSimpleMetrics - rmsd_calc=======================
protocols.rosetta_scripts.ParsedProtocol: setting status to success
protocols.jd2.JobDistributor: MTNLE_pep_carboxysome_28_28828657_0215_0001 reported success in 2 seconds
protocols.rosetta_scripts.RosettaScriptsParser: dock_design_filename=/home/limcaoco/ATPase_project/input_files/rosettascripts/RMSD.xml
protocols.rosetta_scripts.RosettaScriptsParser: Validating input script...
protocols.rosetta_scripts.RosettaScriptsParser: ...done
protocols.rosetta_scripts.RosettaScriptsParser: Parsed script:
<ROSETTASCRIPTS>
	<SCOREFXNS>
		<ScoreFunction name="all_atom" weights="ref2015"/>
	</SCOREFXNS>
	<SIMPLE_METRICS>
		<RMSDMetric name="rmsd" rmsd_type="rmsd_protein_bb_heavy" use_native="True"/>
	</SIMPLE_METRICS>
	<MOVERS>
		<RunSimpleMetrics name="rmsd_calc" override="True"/>
	</MOVERS>
	<PROTOCOLS>
		<Add mover="rmsd_calc"/>
	</PROTOCOLS>
</ROSETTASCRIPTS>
protocols.rosetta_scripts.RosettaScriptsParser: Loading native resource as native_pose to the datamap 
core.import_pose.import_pose: File '/home/limcaoco/ATPase_project/intermediate_files/reference_pdbs/MTNLE_pep_carboxysome_ref.pdb' automatically determined to be of type PDB
core.scoring.ScoreFunctionFactory: SCOREFUNCTION: ref2015
protocols.jd2.parser.ScoreFunctionLoader: defined score function "all_atom" with weights "ref2015"
protocols.rosetta_scripts.RosettaScriptsParser: Defined mover named "rmsd_calc" of type RunSimpleMetrics
protocols.rosetta_scripts.ParsedProtocol: ParsedProtocol mover with the following movers and filters
protocols.rosetta_scripts.ParsedProtocol: added mover "rmsd_calc" with filter "true_filter"
protocols.rosetta_scripts.ParsedProtocol: =======================BEGIN MOVER RunSimpleMetrics - rmsd_calc=======================
protocols.rosetta_scripts.ParsedProtocol: setting status to success
protocols.jd2.JobDistributor: MTNLE_pep_carboxysome_28_28828657_0216_0001 reported success in 2 seconds
protocols.rosetta_scripts.RosettaScriptsParser: dock_design_filename=/home/limcaoco/ATPase_project/input_files/rosettascripts/RMSD.xml
protocols.rosetta_scripts.RosettaScriptsParser: Validating input script...
protocols.rosetta_scripts.RosettaScriptsParser: ...done
protocols.rosetta_scripts.RosettaScriptsParser: Parsed script:
<ROSETTASCRIPTS>
	<SCOREFXNS>
		<ScoreFunction name="all_atom" weights="ref2015"/>
	</SCOREFXNS>
	<SIMPLE_METRICS>
		<RMSDMetric name="rmsd" rmsd_type="rmsd_protein_bb_heavy" use_native="True"/>
	</SIMPLE_METRICS>
	<MOVERS>
		<RunSimpleMetrics name="rmsd_calc" override="True"/>
	</MOVERS>
	<PROTOCOLS>
		<Add mover="rmsd_calc"/>
	</PROTOCOLS>
</ROSETTASCRIPTS>
protocols.rosetta_scripts.RosettaScriptsParser: Loading native resource as native_pose to the datamap 
core.import_pose.import_pose: File '/home/limcaoco/ATPase_project/intermediate_files/reference_pdbs/MTNLE_pep_carboxysome_ref.pdb' automatically determined to be of type PDB
core.scoring.ScoreFunctionFactory: SCOREFUNCTION: ref2015
protocols.jd2.parser.ScoreFunctionLoader: defined score function "all_atom" with weights "ref2015"
protocols.rosetta_scripts.RosettaScriptsParser: Defined mover named "rmsd_calc" of type RunSimpleMetrics
protocols.rosetta_scripts.ParsedProtocol: ParsedProtocol mover with the following movers and filters
protocols.rosetta_scripts.ParsedProtocol: added mover "rmsd_calc" with filter "true_filter"
protocols.rosetta_scripts.ParsedProtocol: =======================BEGIN MOVER RunSimpleMetrics - rmsd_calc=======================
protocols.rosetta_scripts.ParsedProtocol: setting status to success
protocols.jd2.JobDistributor: MTNLE_pep_carboxysome_28_28828657_0217_0001 reported success in 1 seconds
protocols.rosetta_scripts.RosettaScriptsParser: dock_design_filename=/home/limcaoco/ATPase_project/input_files/rosettascripts/RMSD.xml
protocols.rosetta_scripts.RosettaScriptsParser: Validating input script...
protocols.rosetta_scripts.RosettaScriptsParser: ...done
protocols.rosetta_scripts.RosettaScriptsParser: Parsed script:
<ROSETTASCRIPTS>
	<SCOREFXNS>
		<ScoreFunction name="all_atom" weights="ref2015"/>
	</SCOREFXNS>
	<SIMPLE_METRICS>
		<RMSDMetric name="rmsd" rmsd_type="rmsd_protein_bb_heavy" use_native="True"/>
	</SIMPLE_METRICS>
	<MOVERS>
		<RunSimpleMetrics name="rmsd_calc" override="True"/>
	</MOVERS>
	<PROTOCOLS>
		<Add mover="rmsd_calc"/>
	</PROTOCOLS>
</ROSETTASCRIPTS>
protocols.rosetta_scripts.RosettaScriptsParser: Loading native resource as native_pose to the datamap 
core.import_pose.import_pose: File '/home/limcaoco/ATPase_project/intermediate_files/reference_pdbs/MTNLE_pep_carboxysome_ref.pdb' automatically determined to be of type PDB
core.scoring.ScoreFunctionFactory: SCOREFUNCTION: ref2015
protocols.jd2.parser.ScoreFunctionLoader: defined score function "all_atom" with weights "ref2015"
protocols.rosetta_scripts.RosettaScriptsParser: Defined mover named "rmsd_calc" of type RunSimpleMetrics
protocols.rosetta_scripts.ParsedProtocol: ParsedProtocol mover with the following movers and filters
protocols.rosetta_scripts.ParsedProtocol: added mover "rmsd_calc" with filter "true_filter"
protocols.rosetta_scripts.ParsedProtocol: =======================BEGIN MOVER RunSimpleMetrics - rmsd_calc=======================
protocols.rosetta_scripts.ParsedProtocol: setting status to success
protocols.jd2.JobDistributor: MTNLE_pep_carboxysome_28_28828657_0218_0001 reported success in 2 seconds
protocols.rosetta_scripts.RosettaScriptsParser: dock_design_filename=/home/limcaoco/ATPase_project/input_files/rosettascripts/RMSD.xml
protocols.rosetta_scripts.RosettaScriptsParser: Validating input script...
protocols.rosetta_scripts.RosettaScriptsParser: ...done
protocols.rosetta_scripts.RosettaScriptsParser: Parsed script:
<ROSETTASCRIPTS>
	<SCOREFXNS>
		<ScoreFunction name="all_atom" weights="ref2015"/>
	</SCOREFXNS>
	<SIMPLE_METRICS>
		<RMSDMetric name="rmsd" rmsd_type="rmsd_protein_bb_heavy" use_native="True"/>
	</SIMPLE_METRICS>
	<MOVERS>
		<RunSimpleMetrics name="rmsd_calc" override="True"/>
	</MOVERS>
	<PROTOCOLS>
		<Add mover="rmsd_calc"/>
	</PROTOCOLS>
</ROSETTASCRIPTS>
protocols.rosetta_scripts.RosettaScriptsParser: Loading native resource as native_pose to the datamap 
core.import_pose.import_pose: File '/home/limcaoco/ATPase_project/intermediate_files/reference_pdbs/MTNLE_pep_carboxysome_ref.pdb' automatically determined to be of type PDB
core.scoring.ScoreFunctionFactory: SCOREFUNCTION: ref2015
protocols.jd2.parser.ScoreFunctionLoader: defined score function "all_atom" with weights "ref2015"
protocols.rosetta_scripts.RosettaScriptsParser: Defined mover named "rmsd_calc" of type RunSimpleMetrics
protocols.rosetta_scripts.ParsedProtocol: ParsedProtocol mover with the following movers and filters
protocols.rosetta_scripts.ParsedProtocol: added mover "rmsd_calc" with filter "true_filter"
protocols.rosetta_scripts.ParsedProtocol: =======================BEGIN MOVER RunSimpleMetrics - rmsd_calc=======================
protocols.rosetta_scripts.ParsedProtocol: setting status to success
protocols.jd2.JobDistributor: MTNLE_pep_carboxysome_28_28828657_0219_0001 reported success in 2 seconds
protocols.rosetta_scripts.RosettaScriptsParser: dock_design_filename=/home/limcaoco/ATPase_project/input_files/rosettascripts/RMSD.xml
protocols.rosetta_scripts.RosettaScriptsParser: Validating input script...
protocols.rosetta_scripts.RosettaScriptsParser: ...done
protocols.rosetta_scripts.RosettaScriptsParser: Parsed script:
<ROSETTASCRIPTS>
	<SCOREFXNS>
		<ScoreFunction name="all_atom" weights="ref2015"/>
	</SCOREFXNS>
	<SIMPLE_METRICS>
		<RMSDMetric name="rmsd" rmsd_type="rmsd_protein_bb_heavy" use_native="True"/>
	</SIMPLE_METRICS>
	<MOVERS>
		<RunSimpleMetrics name="rmsd_calc" override="True"/>
	</MOVERS>
	<PROTOCOLS>
		<Add mover="rmsd_calc"/>
	</PROTOCOLS>
</ROSETTASCRIPTS>
protocols.rosetta_scripts.RosettaScriptsParser: Loading native resource as native_pose to the datamap 
core.import_pose.import_pose: File '/home/limcaoco/ATPase_project/intermediate_files/reference_pdbs/MTNLE_pep_carboxysome_ref.pdb' automatically determined to be of type PDB
core.scoring.ScoreFunctionFactory: SCOREFUNCTION: ref2015
protocols.jd2.parser.ScoreFunctionLoader: defined score function "all_atom" with weights "ref2015"
protocols.rosetta_scripts.RosettaScriptsParser: Defined mover named "rmsd_calc" of type RunSimpleMetrics
protocols.rosetta_scripts.ParsedProtocol: ParsedProtocol mover with the following movers and filters
protocols.rosetta_scripts.ParsedProtocol: added mover "rmsd_calc" with filter "true_filter"
protocols.rosetta_scripts.ParsedProtocol: =======================BEGIN MOVER RunSimpleMetrics - rmsd_calc=======================
protocols.rosetta_scripts.ParsedProtocol: setting status to success
protocols.jd2.JobDistributor: MTNLE_pep_carboxysome_28_28828657_0220_0001 reported success in 2 seconds
protocols.rosetta_scripts.RosettaScriptsParser: dock_design_filename=/home/limcaoco/ATPase_project/input_files/rosettascripts/RMSD.xml
protocols.rosetta_scripts.RosettaScriptsParser: Validating input script...
protocols.rosetta_scripts.RosettaScriptsParser: ...done
protocols.rosetta_scripts.RosettaScriptsParser: Parsed script:
<ROSETTASCRIPTS>
	<SCOREFXNS>
		<ScoreFunction name="all_atom" weights="ref2015"/>
	</SCOREFXNS>
	<SIMPLE_METRICS>
		<RMSDMetric name="rmsd" rmsd_type="rmsd_protein_bb_heavy" use_native="True"/>
	</SIMPLE_METRICS>
	<MOVERS>
		<RunSimpleMetrics name="rmsd_calc" override="True"/>
	</MOVERS>
	<PROTOCOLS>
		<Add mover="rmsd_calc"/>
	</PROTOCOLS>
</ROSETTASCRIPTS>
protocols.rosetta_scripts.RosettaScriptsParser: Loading native resource as native_pose to the datamap 
core.import_pose.import_pose: File '/home/limcaoco/ATPase_project/intermediate_files/reference_pdbs/MTNLE_pep_carboxysome_ref.pdb' automatically determined to be of type PDB
core.scoring.ScoreFunctionFactory: SCOREFUNCTION: ref2015
protocols.jd2.parser.ScoreFunctionLoader: defined score function "all_atom" with weights "ref2015"
protocols.rosetta_scripts.RosettaScriptsParser: Defined mover named "rmsd_calc" of type RunSimpleMetrics
protocols.rosetta_scripts.ParsedProtocol: ParsedProtocol mover with the following movers and filters
protocols.rosetta_scripts.ParsedProtocol: added mover "rmsd_calc" with filter "true_filter"
protocols.rosetta_scripts.ParsedProtocol: =======================BEGIN MOVER RunSimpleMetrics - rmsd_calc=======================
protocols.rosetta_scripts.ParsedProtocol: setting status to success
protocols.jd2.JobDistributor: MTNLE_pep_carboxysome_28_28828657_0221_0001 reported success in 2 seconds
protocols.rosetta_scripts.RosettaScriptsParser: dock_design_filename=/home/limcaoco/ATPase_project/input_files/rosettascripts/RMSD.xml
protocols.rosetta_scripts.RosettaScriptsParser: Validating input script...
protocols.rosetta_scripts.RosettaScriptsParser: ...done
protocols.rosetta_scripts.RosettaScriptsParser: Parsed script:
<ROSETTASCRIPTS>
	<SCOREFXNS>
		<ScoreFunction name="all_atom" weights="ref2015"/>
	</SCOREFXNS>
	<SIMPLE_METRICS>
		<RMSDMetric name="rmsd" rmsd_type="rmsd_protein_bb_heavy" use_native="True"/>
	</SIMPLE_METRICS>
	<MOVERS>
		<RunSimpleMetrics name="rmsd_calc" override="True"/>
	</MOVERS>
	<PROTOCOLS>
		<Add mover="rmsd_calc"/>
	</PROTOCOLS>
</ROSETTASCRIPTS>
protocols.rosetta_scripts.RosettaScriptsParser: Loading native resource as native_pose to the datamap 
core.import_pose.import_pose: File '/home/limcaoco/ATPase_project/intermediate_files/reference_pdbs/MTNLE_pep_carboxysome_ref.pdb' automatically determined to be of type PDB
core.scoring.ScoreFunctionFactory: SCOREFUNCTION: ref2015
protocols.jd2.parser.ScoreFunctionLoader: defined score function "all_atom" with weights "ref2015"
protocols.rosetta_scripts.RosettaScriptsParser: Defined mover named "rmsd_calc" of type RunSimpleMetrics
protocols.rosetta_scripts.ParsedProtocol: ParsedProtocol mover with the following movers and filters
protocols.rosetta_scripts.ParsedProtocol: added mover "rmsd_calc" with filter "true_filter"
protocols.rosetta_scripts.ParsedProtocol: =======================BEGIN MOVER RunSimpleMetrics - rmsd_calc=======================
protocols.rosetta_scripts.ParsedProtocol: setting status to success
protocols.jd2.JobDistributor: MTNLE_pep_carboxysome_28_28828657_0222_0001 reported success in 2 seconds
protocols.rosetta_scripts.RosettaScriptsParser: dock_design_filename=/home/limcaoco/ATPase_project/input_files/rosettascripts/RMSD.xml
protocols.rosetta_scripts.RosettaScriptsParser: Validating input script...
protocols.rosetta_scripts.RosettaScriptsParser: ...done
protocols.rosetta_scripts.RosettaScriptsParser: Parsed script:
<ROSETTASCRIPTS>
	<SCOREFXNS>
		<ScoreFunction name="all_atom" weights="ref2015"/>
	</SCOREFXNS>
	<SIMPLE_METRICS>
		<RMSDMetric name="rmsd" rmsd_type="rmsd_protein_bb_heavy" use_native="True"/>
	</SIMPLE_METRICS>
	<MOVERS>
		<RunSimpleMetrics name="rmsd_calc" override="True"/>
	</MOVERS>
	<PROTOCOLS>
		<Add mover="rmsd_calc"/>
	</PROTOCOLS>
</ROSETTASCRIPTS>
protocols.rosetta_scripts.RosettaScriptsParser: Loading native resource as native_pose to the datamap 
core.import_pose.import_pose: File '/home/limcaoco/ATPase_project/intermediate_files/reference_pdbs/MTNLE_pep_carboxysome_ref.pdb' automatically determined to be of type PDB
core.scoring.ScoreFunctionFactory: SCOREFUNCTION: ref2015
protocols.jd2.parser.ScoreFunctionLoader: defined score function "all_atom" with weights "ref2015"
protocols.rosetta_scripts.RosettaScriptsParser: Defined mover named "rmsd_calc" of type RunSimpleMetrics
protocols.rosetta_scripts.ParsedProtocol: ParsedProtocol mover with the following movers and filters
protocols.rosetta_scripts.ParsedProtocol: added mover "rmsd_calc" with filter "true_filter"
protocols.rosetta_scripts.ParsedProtocol: =======================BEGIN MOVER RunSimpleMetrics - rmsd_calc=======================
protocols.rosetta_scripts.ParsedProtocol: setting status to success
protocols.jd2.JobDistributor: MTNLE_pep_carboxysome_28_28828657_0223_0001 reported success in 2 seconds
protocols.rosetta_scripts.RosettaScriptsParser: dock_design_filename=/home/limcaoco/ATPase_project/input_files/rosettascripts/RMSD.xml
protocols.rosetta_scripts.RosettaScriptsParser: Validating input script...
protocols.rosetta_scripts.RosettaScriptsParser: ...done
protocols.rosetta_scripts.RosettaScriptsParser: Parsed script:
<ROSETTASCRIPTS>
	<SCOREFXNS>
		<ScoreFunction name="all_atom" weights="ref2015"/>
	</SCOREFXNS>
	<SIMPLE_METRICS>
		<RMSDMetric name="rmsd" rmsd_type="rmsd_protein_bb_heavy" use_native="True"/>
	</SIMPLE_METRICS>
	<MOVERS>
		<RunSimpleMetrics name="rmsd_calc" override="True"/>
	</MOVERS>
	<PROTOCOLS>
		<Add mover="rmsd_calc"/>
	</PROTOCOLS>
</ROSETTASCRIPTS>
protocols.rosetta_scripts.RosettaScriptsParser: Loading native resource as native_pose to the datamap 
core.import_pose.import_pose: File '/home/limcaoco/ATPase_project/intermediate_files/reference_pdbs/MTNLE_pep_carboxysome_ref.pdb' automatically determined to be of type PDB
core.scoring.ScoreFunctionFactory: SCOREFUNCTION: ref2015
protocols.jd2.parser.ScoreFunctionLoader: defined score function "all_atom" with weights "ref2015"
protocols.rosetta_scripts.RosettaScriptsParser: Defined mover named "rmsd_calc" of type RunSimpleMetrics
protocols.rosetta_scripts.ParsedProtocol: ParsedProtocol mover with the following movers and filters
protocols.rosetta_scripts.ParsedProtocol: added mover "rmsd_calc" with filter "true_filter"
protocols.rosetta_scripts.ParsedProtocol: =======================BEGIN MOVER RunSimpleMetrics - rmsd_calc=======================
protocols.rosetta_scripts.ParsedProtocol: setting status to success
protocols.jd2.JobDistributor: MTNLE_pep_carboxysome_28_28828657_0224_0001 reported success in 2 seconds
protocols.rosetta_scripts.RosettaScriptsParser: dock_design_filename=/home/limcaoco/ATPase_project/input_files/rosettascripts/RMSD.xml
protocols.rosetta_scripts.RosettaScriptsParser: Validating input script...
protocols.rosetta_scripts.RosettaScriptsParser: ...done
protocols.rosetta_scripts.RosettaScriptsParser: Parsed script:
<ROSETTASCRIPTS>
	<SCOREFXNS>
		<ScoreFunction name="all_atom" weights="ref2015"/>
	</SCOREFXNS>
	<SIMPLE_METRICS>
		<RMSDMetric name="rmsd" rmsd_type="rmsd_protein_bb_heavy" use_native="True"/>
	</SIMPLE_METRICS>
	<MOVERS>
		<RunSimpleMetrics name="rmsd_calc" override="True"/>
	</MOVERS>
	<PROTOCOLS>
		<Add mover="rmsd_calc"/>
	</PROTOCOLS>
</ROSETTASCRIPTS>
protocols.rosetta_scripts.RosettaScriptsParser: Loading native resource as native_pose to the datamap 
core.import_pose.import_pose: File '/home/limcaoco/ATPase_project/intermediate_files/reference_pdbs/MTNLE_pep_carboxysome_ref.pdb' automatically determined to be of type PDB
core.scoring.ScoreFunctionFactory: SCOREFUNCTION: ref2015
protocols.jd2.parser.ScoreFunctionLoader: defined score function "all_atom" with weights "ref2015"
protocols.rosetta_scripts.RosettaScriptsParser: Defined mover named "rmsd_calc" of type RunSimpleMetrics
protocols.rosetta_scripts.ParsedProtocol: ParsedProtocol mover with the following movers and filters
protocols.rosetta_scripts.ParsedProtocol: added mover "rmsd_calc" with filter "true_filter"
protocols.rosetta_scripts.ParsedProtocol: =======================BEGIN MOVER RunSimpleMetrics - rmsd_calc=======================
protocols.rosetta_scripts.ParsedProtocol: setting status to success
protocols.jd2.JobDistributor: MTNLE_pep_carboxysome_28_28828657_0225_0001 reported success in 1 seconds
protocols.rosetta_scripts.RosettaScriptsParser: dock_design_filename=/home/limcaoco/ATPase_project/input_files/rosettascripts/RMSD.xml
protocols.rosetta_scripts.RosettaScriptsParser: Validating input script...
protocols.rosetta_scripts.RosettaScriptsParser: ...done
protocols.rosetta_scripts.RosettaScriptsParser: Parsed script:
<ROSETTASCRIPTS>
	<SCOREFXNS>
		<ScoreFunction name="all_atom" weights="ref2015"/>
	</SCOREFXNS>
	<SIMPLE_METRICS>
		<RMSDMetric name="rmsd" rmsd_type="rmsd_protein_bb_heavy" use_native="True"/>
	</SIMPLE_METRICS>
	<MOVERS>
		<RunSimpleMetrics name="rmsd_calc" override="True"/>
	</MOVERS>
	<PROTOCOLS>
		<Add mover="rmsd_calc"/>
	</PROTOCOLS>
</ROSETTASCRIPTS>
protocols.rosetta_scripts.RosettaScriptsParser: Loading native resource as native_pose to the datamap 
core.import_pose.import_pose: File '/home/limcaoco/ATPase_project/intermediate_files/reference_pdbs/MTNLE_pep_carboxysome_ref.pdb' automatically determined to be of type PDB
core.scoring.ScoreFunctionFactory: SCOREFUNCTION: ref2015
protocols.jd2.parser.ScoreFunctionLoader: defined score function "all_atom" with weights "ref2015"
protocols.rosetta_scripts.RosettaScriptsParser: Defined mover named "rmsd_calc" of type RunSimpleMetrics
protocols.rosetta_scripts.ParsedProtocol: ParsedProtocol mover with the following movers and filters
protocols.rosetta_scripts.ParsedProtocol: added mover "rmsd_calc" with filter "true_filter"
protocols.rosetta_scripts.ParsedProtocol: =======================BEGIN MOVER RunSimpleMetrics - rmsd_calc=======================
protocols.rosetta_scripts.ParsedProtocol: setting status to success
protocols.jd2.JobDistributor: MTNLE_pep_carboxysome_28_28828657_0226_0001 reported success in 2 seconds
protocols.rosetta_scripts.RosettaScriptsParser: dock_design_filename=/home/limcaoco/ATPase_project/input_files/rosettascripts/RMSD.xml
protocols.rosetta_scripts.RosettaScriptsParser: Validating input script...
protocols.rosetta_scripts.RosettaScriptsParser: ...done
protocols.rosetta_scripts.RosettaScriptsParser: Parsed script:
<ROSETTASCRIPTS>
	<SCOREFXNS>
		<ScoreFunction name="all_atom" weights="ref2015"/>
	</SCOREFXNS>
	<SIMPLE_METRICS>
		<RMSDMetric name="rmsd" rmsd_type="rmsd_protein_bb_heavy" use_native="True"/>
	</SIMPLE_METRICS>
	<MOVERS>
		<RunSimpleMetrics name="rmsd_calc" override="True"/>
	</MOVERS>
	<PROTOCOLS>
		<Add mover="rmsd_calc"/>
	</PROTOCOLS>
</ROSETTASCRIPTS>
protocols.rosetta_scripts.RosettaScriptsParser: Loading native resource as native_pose to the datamap 
core.import_pose.import_pose: File '/home/limcaoco/ATPase_project/intermediate_files/reference_pdbs/MTNLE_pep_carboxysome_ref.pdb' automatically determined to be of type PDB
core.scoring.ScoreFunctionFactory: SCOREFUNCTION: ref2015
protocols.jd2.parser.ScoreFunctionLoader: defined score function "all_atom" with weights "ref2015"
protocols.rosetta_scripts.RosettaScriptsParser: Defined mover named "rmsd_calc" of type RunSimpleMetrics
protocols.rosetta_scripts.ParsedProtocol: ParsedProtocol mover with the following movers and filters
protocols.rosetta_scripts.ParsedProtocol: added mover "rmsd_calc" with filter "true_filter"
protocols.rosetta_scripts.ParsedProtocol: =======================BEGIN MOVER RunSimpleMetrics - rmsd_calc=======================
protocols.rosetta_scripts.ParsedProtocol: setting status to success
protocols.jd2.JobDistributor: MTNLE_pep_carboxysome_28_28828657_0227_0001 reported success in 2 seconds
protocols.rosetta_scripts.RosettaScriptsParser: dock_design_filename=/home/limcaoco/ATPase_project/input_files/rosettascripts/RMSD.xml
protocols.rosetta_scripts.RosettaScriptsParser: Validating input script...
protocols.rosetta_scripts.RosettaScriptsParser: ...done
protocols.rosetta_scripts.RosettaScriptsParser: Parsed script:
<ROSETTASCRIPTS>
	<SCOREFXNS>
		<ScoreFunction name="all_atom" weights="ref2015"/>
	</SCOREFXNS>
	<SIMPLE_METRICS>
		<RMSDMetric name="rmsd" rmsd_type="rmsd_protein_bb_heavy" use_native="True"/>
	</SIMPLE_METRICS>
	<MOVERS>
		<RunSimpleMetrics name="rmsd_calc" override="True"/>
	</MOVERS>
	<PROTOCOLS>
		<Add mover="rmsd_calc"/>
	</PROTOCOLS>
</ROSETTASCRIPTS>
protocols.rosetta_scripts.RosettaScriptsParser: Loading native resource as native_pose to the datamap 
core.import_pose.import_pose: File '/home/limcaoco/ATPase_project/intermediate_files/reference_pdbs/MTNLE_pep_carboxysome_ref.pdb' automatically determined to be of type PDB
core.scoring.ScoreFunctionFactory: SCOREFUNCTION: ref2015
protocols.jd2.parser.ScoreFunctionLoader: defined score function "all_atom" with weights "ref2015"
protocols.rosetta_scripts.RosettaScriptsParser: Defined mover named "rmsd_calc" of type RunSimpleMetrics
protocols.rosetta_scripts.ParsedProtocol: ParsedProtocol mover with the following movers and filters
protocols.rosetta_scripts.ParsedProtocol: added mover "rmsd_calc" with filter "true_filter"
protocols.rosetta_scripts.ParsedProtocol: =======================BEGIN MOVER RunSimpleMetrics - rmsd_calc=======================
protocols.rosetta_scripts.ParsedProtocol: setting status to success
protocols.jd2.JobDistributor: MTNLE_pep_carboxysome_28_28828657_0228_0001 reported success in 2 seconds
protocols.rosetta_scripts.RosettaScriptsParser: dock_design_filename=/home/limcaoco/ATPase_project/input_files/rosettascripts/RMSD.xml
protocols.rosetta_scripts.RosettaScriptsParser: Validating input script...
protocols.rosetta_scripts.RosettaScriptsParser: ...done
protocols.rosetta_scripts.RosettaScriptsParser: Parsed script:
<ROSETTASCRIPTS>
	<SCOREFXNS>
		<ScoreFunction name="all_atom" weights="ref2015"/>
	</SCOREFXNS>
	<SIMPLE_METRICS>
		<RMSDMetric name="rmsd" rmsd_type="rmsd_protein_bb_heavy" use_native="True"/>
	</SIMPLE_METRICS>
	<MOVERS>
		<RunSimpleMetrics name="rmsd_calc" override="True"/>
	</MOVERS>
	<PROTOCOLS>
		<Add mover="rmsd_calc"/>
	</PROTOCOLS>
</ROSETTASCRIPTS>
protocols.rosetta_scripts.RosettaScriptsParser: Loading native resource as native_pose to the datamap 
core.import_pose.import_pose: File '/home/limcaoco/ATPase_project/intermediate_files/reference_pdbs/MTNLE_pep_carboxysome_ref.pdb' automatically determined to be of type PDB
core.scoring.ScoreFunctionFactory: SCOREFUNCTION: ref2015
protocols.jd2.parser.ScoreFunctionLoader: defined score function "all_atom" with weights "ref2015"
protocols.rosetta_scripts.RosettaScriptsParser: Defined mover named "rmsd_calc" of type RunSimpleMetrics
protocols.rosetta_scripts.ParsedProtocol: ParsedProtocol mover with the following movers and filters
protocols.rosetta_scripts.ParsedProtocol: added mover "rmsd_calc" with filter "true_filter"
protocols.rosetta_scripts.ParsedProtocol: =======================BEGIN MOVER RunSimpleMetrics - rmsd_calc=======================
protocols.rosetta_scripts.ParsedProtocol: setting status to success
protocols.jd2.JobDistributor: MTNLE_pep_carboxysome_28_28828657_0229_0001 reported success in 2 seconds
protocols.rosetta_scripts.RosettaScriptsParser: dock_design_filename=/home/limcaoco/ATPase_project/input_files/rosettascripts/RMSD.xml
protocols.rosetta_scripts.RosettaScriptsParser: Validating input script...
protocols.rosetta_scripts.RosettaScriptsParser: ...done
protocols.rosetta_scripts.RosettaScriptsParser: Parsed script:
<ROSETTASCRIPTS>
	<SCOREFXNS>
		<ScoreFunction name="all_atom" weights="ref2015"/>
	</SCOREFXNS>
	<SIMPLE_METRICS>
		<RMSDMetric name="rmsd" rmsd_type="rmsd_protein_bb_heavy" use_native="True"/>
	</SIMPLE_METRICS>
	<MOVERS>
		<RunSimpleMetrics name="rmsd_calc" override="True"/>
	</MOVERS>
	<PROTOCOLS>
		<Add mover="rmsd_calc"/>
	</PROTOCOLS>
</ROSETTASCRIPTS>
protocols.rosetta_scripts.RosettaScriptsParser: Loading native resource as native_pose to the datamap 
core.import_pose.import_pose: File '/home/limcaoco/ATPase_project/intermediate_files/reference_pdbs/MTNLE_pep_carboxysome_ref.pdb' automatically determined to be of type PDB
core.scoring.ScoreFunctionFactory: SCOREFUNCTION: ref2015
protocols.jd2.parser.ScoreFunctionLoader: defined score function "all_atom" with weights "ref2015"
protocols.rosetta_scripts.RosettaScriptsParser: Defined mover named "rmsd_calc" of type RunSimpleMetrics
protocols.rosetta_scripts.ParsedProtocol: ParsedProtocol mover with the following movers and filters
protocols.rosetta_scripts.ParsedProtocol: added mover "rmsd_calc" with filter "true_filter"
protocols.rosetta_scripts.ParsedProtocol: =======================BEGIN MOVER RunSimpleMetrics - rmsd_calc=======================
protocols.rosetta_scripts.ParsedProtocol: setting status to success
protocols.jd2.JobDistributor: MTNLE_pep_carboxysome_28_28828657_0230_0001 reported success in 2 seconds
protocols.rosetta_scripts.RosettaScriptsParser: dock_design_filename=/home/limcaoco/ATPase_project/input_files/rosettascripts/RMSD.xml
protocols.rosetta_scripts.RosettaScriptsParser: Validating input script...
protocols.rosetta_scripts.RosettaScriptsParser: ...done
protocols.rosetta_scripts.RosettaScriptsParser: Parsed script:
<ROSETTASCRIPTS>
	<SCOREFXNS>
		<ScoreFunction name="all_atom" weights="ref2015"/>
	</SCOREFXNS>
	<SIMPLE_METRICS>
		<RMSDMetric name="rmsd" rmsd_type="rmsd_protein_bb_heavy" use_native="True"/>
	</SIMPLE_METRICS>
	<MOVERS>
		<RunSimpleMetrics name="rmsd_calc" override="True"/>
	</MOVERS>
	<PROTOCOLS>
		<Add mover="rmsd_calc"/>
	</PROTOCOLS>
</ROSETTASCRIPTS>
protocols.rosetta_scripts.RosettaScriptsParser: Loading native resource as native_pose to the datamap 
core.import_pose.import_pose: File '/home/limcaoco/ATPase_project/intermediate_files/reference_pdbs/MTNLE_pep_carboxysome_ref.pdb' automatically determined to be of type PDB
core.scoring.ScoreFunctionFactory: SCOREFUNCTION: ref2015
protocols.jd2.parser.ScoreFunctionLoader: defined score function "all_atom" with weights "ref2015"
protocols.rosetta_scripts.RosettaScriptsParser: Defined mover named "rmsd_calc" of type RunSimpleMetrics
protocols.rosetta_scripts.ParsedProtocol: ParsedProtocol mover with the following movers and filters
protocols.rosetta_scripts.ParsedProtocol: added mover "rmsd_calc" with filter "true_filter"
protocols.rosetta_scripts.ParsedProtocol: =======================BEGIN MOVER RunSimpleMetrics - rmsd_calc=======================
protocols.rosetta_scripts.ParsedProtocol: setting status to success
protocols.jd2.JobDistributor: MTNLE_pep_carboxysome_28_28828657_0231_0001 reported success in 2 seconds
protocols.rosetta_scripts.RosettaScriptsParser: dock_design_filename=/home/limcaoco/ATPase_project/input_files/rosettascripts/RMSD.xml
protocols.rosetta_scripts.RosettaScriptsParser: Validating input script...
protocols.rosetta_scripts.RosettaScriptsParser: ...done
protocols.rosetta_scripts.RosettaScriptsParser: Parsed script:
<ROSETTASCRIPTS>
	<SCOREFXNS>
		<ScoreFunction name="all_atom" weights="ref2015"/>
	</SCOREFXNS>
	<SIMPLE_METRICS>
		<RMSDMetric name="rmsd" rmsd_type="rmsd_protein_bb_heavy" use_native="True"/>
	</SIMPLE_METRICS>
	<MOVERS>
		<RunSimpleMetrics name="rmsd_calc" override="True"/>
	</MOVERS>
	<PROTOCOLS>
		<Add mover="rmsd_calc"/>
	</PROTOCOLS>
</ROSETTASCRIPTS>
protocols.rosetta_scripts.RosettaScriptsParser: Loading native resource as native_pose to the datamap 
core.import_pose.import_pose: File '/home/limcaoco/ATPase_project/intermediate_files/reference_pdbs/MTNLE_pep_carboxysome_ref.pdb' automatically determined to be of type PDB
core.scoring.ScoreFunctionFactory: SCOREFUNCTION: ref2015
protocols.jd2.parser.ScoreFunctionLoader: defined score function "all_atom" with weights "ref2015"
protocols.rosetta_scripts.RosettaScriptsParser: Defined mover named "rmsd_calc" of type RunSimpleMetrics
protocols.rosetta_scripts.ParsedProtocol: ParsedProtocol mover with the following movers and filters
protocols.rosetta_scripts.ParsedProtocol: added mover "rmsd_calc" with filter "true_filter"
protocols.rosetta_scripts.ParsedProtocol: =======================BEGIN MOVER RunSimpleMetrics - rmsd_calc=======================
protocols.rosetta_scripts.ParsedProtocol: setting status to success
protocols.jd2.JobDistributor: MTNLE_pep_carboxysome_28_28828657_0232_0001 reported success in 1 seconds
protocols.rosetta_scripts.RosettaScriptsParser: dock_design_filename=/home/limcaoco/ATPase_project/input_files/rosettascripts/RMSD.xml
protocols.rosetta_scripts.RosettaScriptsParser: Validating input script...
protocols.rosetta_scripts.RosettaScriptsParser: ...done
protocols.rosetta_scripts.RosettaScriptsParser: Parsed script:
<ROSETTASCRIPTS>
	<SCOREFXNS>
		<ScoreFunction name="all_atom" weights="ref2015"/>
	</SCOREFXNS>
	<SIMPLE_METRICS>
		<RMSDMetric name="rmsd" rmsd_type="rmsd_protein_bb_heavy" use_native="True"/>
	</SIMPLE_METRICS>
	<MOVERS>
		<RunSimpleMetrics name="rmsd_calc" override="True"/>
	</MOVERS>
	<PROTOCOLS>
		<Add mover="rmsd_calc"/>
	</PROTOCOLS>
</ROSETTASCRIPTS>
protocols.rosetta_scripts.RosettaScriptsParser: Loading native resource as native_pose to the datamap 
core.import_pose.import_pose: File '/home/limcaoco/ATPase_project/intermediate_files/reference_pdbs/MTNLE_pep_carboxysome_ref.pdb' automatically determined to be of type PDB
core.scoring.ScoreFunctionFactory: SCOREFUNCTION: ref2015
protocols.jd2.parser.ScoreFunctionLoader: defined score function "all_atom" with weights "ref2015"
protocols.rosetta_scripts.RosettaScriptsParser: Defined mover named "rmsd_calc" of type RunSimpleMetrics
protocols.rosetta_scripts.ParsedProtocol: ParsedProtocol mover with the following movers and filters
protocols.rosetta_scripts.ParsedProtocol: added mover "rmsd_calc" with filter "true_filter"
protocols.rosetta_scripts.ParsedProtocol: =======================BEGIN MOVER RunSimpleMetrics - rmsd_calc=======================
protocols.rosetta_scripts.ParsedProtocol: setting status to success
protocols.jd2.JobDistributor: MTNLE_pep_carboxysome_28_28828657_0233_0001 reported success in 1 seconds
protocols.rosetta_scripts.RosettaScriptsParser: dock_design_filename=/home/limcaoco/ATPase_project/input_files/rosettascripts/RMSD.xml
protocols.rosetta_scripts.RosettaScriptsParser: Validating input script...
protocols.rosetta_scripts.RosettaScriptsParser: ...done
protocols.rosetta_scripts.RosettaScriptsParser: Parsed script:
<ROSETTASCRIPTS>
	<SCOREFXNS>
		<ScoreFunction name="all_atom" weights="ref2015"/>
	</SCOREFXNS>
	<SIMPLE_METRICS>
		<RMSDMetric name="rmsd" rmsd_type="rmsd_protein_bb_heavy" use_native="True"/>
	</SIMPLE_METRICS>
	<MOVERS>
		<RunSimpleMetrics name="rmsd_calc" override="True"/>
	</MOVERS>
	<PROTOCOLS>
		<Add mover="rmsd_calc"/>
	</PROTOCOLS>
</ROSETTASCRIPTS>
protocols.rosetta_scripts.RosettaScriptsParser: Loading native resource as native_pose to the datamap 
core.import_pose.import_pose: File '/home/limcaoco/ATPase_project/intermediate_files/reference_pdbs/MTNLE_pep_carboxysome_ref.pdb' automatically determined to be of type PDB
core.scoring.ScoreFunctionFactory: SCOREFUNCTION: ref2015
protocols.jd2.parser.ScoreFunctionLoader: defined score function "all_atom" with weights "ref2015"
protocols.rosetta_scripts.RosettaScriptsParser: Defined mover named "rmsd_calc" of type RunSimpleMetrics
protocols.rosetta_scripts.ParsedProtocol: ParsedProtocol mover with the following movers and filters
protocols.rosetta_scripts.ParsedProtocol: added mover "rmsd_calc" with filter "true_filter"
protocols.rosetta_scripts.ParsedProtocol: =======================BEGIN MOVER RunSimpleMetrics - rmsd_calc=======================
protocols.rosetta_scripts.ParsedProtocol: setting status to success
protocols.jd2.JobDistributor: MTNLE_pep_carboxysome_28_28828657_0234_0001 reported success in 2 seconds
protocols.rosetta_scripts.RosettaScriptsParser: dock_design_filename=/home/limcaoco/ATPase_project/input_files/rosettascripts/RMSD.xml
protocols.rosetta_scripts.RosettaScriptsParser: Validating input script...
protocols.rosetta_scripts.RosettaScriptsParser: ...done
protocols.rosetta_scripts.RosettaScriptsParser: Parsed script:
<ROSETTASCRIPTS>
	<SCOREFXNS>
		<ScoreFunction name="all_atom" weights="ref2015"/>
	</SCOREFXNS>
	<SIMPLE_METRICS>
		<RMSDMetric name="rmsd" rmsd_type="rmsd_protein_bb_heavy" use_native="True"/>
	</SIMPLE_METRICS>
	<MOVERS>
		<RunSimpleMetrics name="rmsd_calc" override="True"/>
	</MOVERS>
	<PROTOCOLS>
		<Add mover="rmsd_calc"/>
	</PROTOCOLS>
</ROSETTASCRIPTS>
protocols.rosetta_scripts.RosettaScriptsParser: Loading native resource as native_pose to the datamap 
core.import_pose.import_pose: File '/home/limcaoco/ATPase_project/intermediate_files/reference_pdbs/MTNLE_pep_carboxysome_ref.pdb' automatically determined to be of type PDB
core.scoring.ScoreFunctionFactory: SCOREFUNCTION: ref2015
protocols.jd2.parser.ScoreFunctionLoader: defined score function "all_atom" with weights "ref2015"
protocols.rosetta_scripts.RosettaScriptsParser: Defined mover named "rmsd_calc" of type RunSimpleMetrics
protocols.rosetta_scripts.ParsedProtocol: ParsedProtocol mover with the following movers and filters
protocols.rosetta_scripts.ParsedProtocol: added mover "rmsd_calc" with filter "true_filter"
protocols.rosetta_scripts.ParsedProtocol: =======================BEGIN MOVER RunSimpleMetrics - rmsd_calc=======================
protocols.rosetta_scripts.ParsedProtocol: setting status to success
protocols.jd2.JobDistributor: MTNLE_pep_carboxysome_28_28828657_0235_0001 reported success in 2 seconds
protocols.rosetta_scripts.RosettaScriptsParser: dock_design_filename=/home/limcaoco/ATPase_project/input_files/rosettascripts/RMSD.xml
protocols.rosetta_scripts.RosettaScriptsParser: Validating input script...
protocols.rosetta_scripts.RosettaScriptsParser: ...done
protocols.rosetta_scripts.RosettaScriptsParser: Parsed script:
<ROSETTASCRIPTS>
	<SCOREFXNS>
		<ScoreFunction name="all_atom" weights="ref2015"/>
	</SCOREFXNS>
	<SIMPLE_METRICS>
		<RMSDMetric name="rmsd" rmsd_type="rmsd_protein_bb_heavy" use_native="True"/>
	</SIMPLE_METRICS>
	<MOVERS>
		<RunSimpleMetrics name="rmsd_calc" override="True"/>
	</MOVERS>
	<PROTOCOLS>
		<Add mover="rmsd_calc"/>
	</PROTOCOLS>
</ROSETTASCRIPTS>
protocols.rosetta_scripts.RosettaScriptsParser: Loading native resource as native_pose to the datamap 
core.import_pose.import_pose: File '/home/limcaoco/ATPase_project/intermediate_files/reference_pdbs/MTNLE_pep_carboxysome_ref.pdb' automatically determined to be of type PDB
core.scoring.ScoreFunctionFactory: SCOREFUNCTION: ref2015
protocols.jd2.parser.ScoreFunctionLoader: defined score function "all_atom" with weights "ref2015"
protocols.rosetta_scripts.RosettaScriptsParser: Defined mover named "rmsd_calc" of type RunSimpleMetrics
protocols.rosetta_scripts.ParsedProtocol: ParsedProtocol mover with the following movers and filters
protocols.rosetta_scripts.ParsedProtocol: added mover "rmsd_calc" with filter "true_filter"
protocols.rosetta_scripts.ParsedProtocol: =======================BEGIN MOVER RunSimpleMetrics - rmsd_calc=======================
protocols.rosetta_scripts.ParsedProtocol: setting status to success
protocols.jd2.JobDistributor: MTNLE_pep_carboxysome_28_28828657_0236_0001 reported success in 2 seconds
protocols.rosetta_scripts.RosettaScriptsParser: dock_design_filename=/home/limcaoco/ATPase_project/input_files/rosettascripts/RMSD.xml
protocols.rosetta_scripts.RosettaScriptsParser: Validating input script...
protocols.rosetta_scripts.RosettaScriptsParser: ...done
protocols.rosetta_scripts.RosettaScriptsParser: Parsed script:
<ROSETTASCRIPTS>
	<SCOREFXNS>
		<ScoreFunction name="all_atom" weights="ref2015"/>
	</SCOREFXNS>
	<SIMPLE_METRICS>
		<RMSDMetric name="rmsd" rmsd_type="rmsd_protein_bb_heavy" use_native="True"/>
	</SIMPLE_METRICS>
	<MOVERS>
		<RunSimpleMetrics name="rmsd_calc" override="True"/>
	</MOVERS>
	<PROTOCOLS>
		<Add mover="rmsd_calc"/>
	</PROTOCOLS>
</ROSETTASCRIPTS>
protocols.rosetta_scripts.RosettaScriptsParser: Loading native resource as native_pose to the datamap 
core.import_pose.import_pose: File '/home/limcaoco/ATPase_project/intermediate_files/reference_pdbs/MTNLE_pep_carboxysome_ref.pdb' automatically determined to be of type PDB
core.scoring.ScoreFunctionFactory: SCOREFUNCTION: ref2015
protocols.jd2.parser.ScoreFunctionLoader: defined score function "all_atom" with weights "ref2015"
protocols.rosetta_scripts.RosettaScriptsParser: Defined mover named "rmsd_calc" of type RunSimpleMetrics
protocols.rosetta_scripts.ParsedProtocol: ParsedProtocol mover with the following movers and filters
protocols.rosetta_scripts.ParsedProtocol: added mover "rmsd_calc" with filter "true_filter"
protocols.rosetta_scripts.ParsedProtocol: =======================BEGIN MOVER RunSimpleMetrics - rmsd_calc=======================
protocols.rosetta_scripts.ParsedProtocol: setting status to success
protocols.jd2.JobDistributor: MTNLE_pep_carboxysome_28_28828657_0237_0001 reported success in 2 seconds
protocols.rosetta_scripts.RosettaScriptsParser: dock_design_filename=/home/limcaoco/ATPase_project/input_files/rosettascripts/RMSD.xml
protocols.rosetta_scripts.RosettaScriptsParser: Validating input script...
protocols.rosetta_scripts.RosettaScriptsParser: ...done
protocols.rosetta_scripts.RosettaScriptsParser: Parsed script:
<ROSETTASCRIPTS>
	<SCOREFXNS>
		<ScoreFunction name="all_atom" weights="ref2015"/>
	</SCOREFXNS>
	<SIMPLE_METRICS>
		<RMSDMetric name="rmsd" rmsd_type="rmsd_protein_bb_heavy" use_native="True"/>
	</SIMPLE_METRICS>
	<MOVERS>
		<RunSimpleMetrics name="rmsd_calc" override="True"/>
	</MOVERS>
	<PROTOCOLS>
		<Add mover="rmsd_calc"/>
	</PROTOCOLS>
</ROSETTASCRIPTS>
protocols.rosetta_scripts.RosettaScriptsParser: Loading native resource as native_pose to the datamap 
core.import_pose.import_pose: File '/home/limcaoco/ATPase_project/intermediate_files/reference_pdbs/MTNLE_pep_carboxysome_ref.pdb' automatically determined to be of type PDB
core.scoring.ScoreFunctionFactory: SCOREFUNCTION: ref2015
protocols.jd2.parser.ScoreFunctionLoader: defined score function "all_atom" with weights "ref2015"
protocols.rosetta_scripts.RosettaScriptsParser: Defined mover named "rmsd_calc" of type RunSimpleMetrics
protocols.rosetta_scripts.ParsedProtocol: ParsedProtocol mover with the following movers and filters
protocols.rosetta_scripts.ParsedProtocol: added mover "rmsd_calc" with filter "true_filter"
protocols.rosetta_scripts.ParsedProtocol: =======================BEGIN MOVER RunSimpleMetrics - rmsd_calc=======================
protocols.rosetta_scripts.ParsedProtocol: setting status to success
protocols.jd2.JobDistributor: MTNLE_pep_carboxysome_28_28828657_0238_0001 reported success in 2 seconds
protocols.rosetta_scripts.RosettaScriptsParser: dock_design_filename=/home/limcaoco/ATPase_project/input_files/rosettascripts/RMSD.xml
protocols.rosetta_scripts.RosettaScriptsParser: Validating input script...
protocols.rosetta_scripts.RosettaScriptsParser: ...done
protocols.rosetta_scripts.RosettaScriptsParser: Parsed script:
<ROSETTASCRIPTS>
	<SCOREFXNS>
		<ScoreFunction name="all_atom" weights="ref2015"/>
	</SCOREFXNS>
	<SIMPLE_METRICS>
		<RMSDMetric name="rmsd" rmsd_type="rmsd_protein_bb_heavy" use_native="True"/>
	</SIMPLE_METRICS>
	<MOVERS>
		<RunSimpleMetrics name="rmsd_calc" override="True"/>
	</MOVERS>
	<PROTOCOLS>
		<Add mover="rmsd_calc"/>
	</PROTOCOLS>
</ROSETTASCRIPTS>
protocols.rosetta_scripts.RosettaScriptsParser: Loading native resource as native_pose to the datamap 
core.import_pose.import_pose: File '/home/limcaoco/ATPase_project/intermediate_files/reference_pdbs/MTNLE_pep_carboxysome_ref.pdb' automatically determined to be of type PDB
core.scoring.ScoreFunctionFactory: SCOREFUNCTION: ref2015
protocols.jd2.parser.ScoreFunctionLoader: defined score function "all_atom" with weights "ref2015"
protocols.rosetta_scripts.RosettaScriptsParser: Defined mover named "rmsd_calc" of type RunSimpleMetrics
protocols.rosetta_scripts.ParsedProtocol: ParsedProtocol mover with the following movers and filters
protocols.rosetta_scripts.ParsedProtocol: added mover "rmsd_calc" with filter "true_filter"
protocols.rosetta_scripts.ParsedProtocol: =======================BEGIN MOVER RunSimpleMetrics - rmsd_calc=======================
protocols.rosetta_scripts.ParsedProtocol: setting status to success
protocols.jd2.JobDistributor: MTNLE_pep_carboxysome_28_28828657_0239_0001 reported success in 2 seconds
protocols.rosetta_scripts.RosettaScriptsParser: dock_design_filename=/home/limcaoco/ATPase_project/input_files/rosettascripts/RMSD.xml
protocols.rosetta_scripts.RosettaScriptsParser: Validating input script...
protocols.rosetta_scripts.RosettaScriptsParser: ...done
protocols.rosetta_scripts.RosettaScriptsParser: Parsed script:
<ROSETTASCRIPTS>
	<SCOREFXNS>
		<ScoreFunction name="all_atom" weights="ref2015"/>
	</SCOREFXNS>
	<SIMPLE_METRICS>
		<RMSDMetric name="rmsd" rmsd_type="rmsd_protein_bb_heavy" use_native="True"/>
	</SIMPLE_METRICS>
	<MOVERS>
		<RunSimpleMetrics name="rmsd_calc" override="True"/>
	</MOVERS>
	<PROTOCOLS>
		<Add mover="rmsd_calc"/>
	</PROTOCOLS>
</ROSETTASCRIPTS>
protocols.rosetta_scripts.RosettaScriptsParser: Loading native resource as native_pose to the datamap 
core.import_pose.import_pose: File '/home/limcaoco/ATPase_project/intermediate_files/reference_pdbs/MTNLE_pep_carboxysome_ref.pdb' automatically determined to be of type PDB
core.scoring.ScoreFunctionFactory: SCOREFUNCTION: ref2015
protocols.jd2.parser.ScoreFunctionLoader: defined score function "all_atom" with weights "ref2015"
protocols.rosetta_scripts.RosettaScriptsParser: Defined mover named "rmsd_calc" of type RunSimpleMetrics
protocols.rosetta_scripts.ParsedProtocol: ParsedProtocol mover with the following movers and filters
protocols.rosetta_scripts.ParsedProtocol: added mover "rmsd_calc" with filter "true_filter"
protocols.rosetta_scripts.ParsedProtocol: =======================BEGIN MOVER RunSimpleMetrics - rmsd_calc=======================
protocols.rosetta_scripts.ParsedProtocol: setting status to success
protocols.jd2.JobDistributor: MTNLE_pep_carboxysome_28_28828657_0240_0001 reported success in 1 seconds
protocols.rosetta_scripts.RosettaScriptsParser: dock_design_filename=/home/limcaoco/ATPase_project/input_files/rosettascripts/RMSD.xml
protocols.rosetta_scripts.RosettaScriptsParser: Validating input script...
protocols.rosetta_scripts.RosettaScriptsParser: ...done
protocols.rosetta_scripts.RosettaScriptsParser: Parsed script:
<ROSETTASCRIPTS>
	<SCOREFXNS>
		<ScoreFunction name="all_atom" weights="ref2015"/>
	</SCOREFXNS>
	<SIMPLE_METRICS>
		<RMSDMetric name="rmsd" rmsd_type="rmsd_protein_bb_heavy" use_native="True"/>
	</SIMPLE_METRICS>
	<MOVERS>
		<RunSimpleMetrics name="rmsd_calc" override="True"/>
	</MOVERS>
	<PROTOCOLS>
		<Add mover="rmsd_calc"/>
	</PROTOCOLS>
</ROSETTASCRIPTS>
protocols.rosetta_scripts.RosettaScriptsParser: Loading native resource as native_pose to the datamap 
core.import_pose.import_pose: File '/home/limcaoco/ATPase_project/intermediate_files/reference_pdbs/MTNLE_pep_carboxysome_ref.pdb' automatically determined to be of type PDB
core.scoring.ScoreFunctionFactory: SCOREFUNCTION: ref2015
protocols.jd2.parser.ScoreFunctionLoader: defined score function "all_atom" with weights "ref2015"
protocols.rosetta_scripts.RosettaScriptsParser: Defined mover named "rmsd_calc" of type RunSimpleMetrics
protocols.rosetta_scripts.ParsedProtocol: ParsedProtocol mover with the following movers and filters
protocols.rosetta_scripts.ParsedProtocol: added mover "rmsd_calc" with filter "true_filter"
protocols.rosetta_scripts.ParsedProtocol: =======================BEGIN MOVER RunSimpleMetrics - rmsd_calc=======================
protocols.rosetta_scripts.ParsedProtocol: setting status to success
protocols.jd2.JobDistributor: MTNLE_pep_carboxysome_28_28828657_0241_0001 reported success in 2 seconds
protocols.rosetta_scripts.RosettaScriptsParser: dock_design_filename=/home/limcaoco/ATPase_project/input_files/rosettascripts/RMSD.xml
protocols.rosetta_scripts.RosettaScriptsParser: Validating input script...
protocols.rosetta_scripts.RosettaScriptsParser: ...done
protocols.rosetta_scripts.RosettaScriptsParser: Parsed script:
<ROSETTASCRIPTS>
	<SCOREFXNS>
		<ScoreFunction name="all_atom" weights="ref2015"/>
	</SCOREFXNS>
	<SIMPLE_METRICS>
		<RMSDMetric name="rmsd" rmsd_type="rmsd_protein_bb_heavy" use_native="True"/>
	</SIMPLE_METRICS>
	<MOVERS>
		<RunSimpleMetrics name="rmsd_calc" override="True"/>
	</MOVERS>
	<PROTOCOLS>
		<Add mover="rmsd_calc"/>
	</PROTOCOLS>
</ROSETTASCRIPTS>
protocols.rosetta_scripts.RosettaScriptsParser: Loading native resource as native_pose to the datamap 
core.import_pose.import_pose: File '/home/limcaoco/ATPase_project/intermediate_files/reference_pdbs/MTNLE_pep_carboxysome_ref.pdb' automatically determined to be of type PDB
core.scoring.ScoreFunctionFactory: SCOREFUNCTION: ref2015
protocols.jd2.parser.ScoreFunctionLoader: defined score function "all_atom" with weights "ref2015"
protocols.rosetta_scripts.RosettaScriptsParser: Defined mover named "rmsd_calc" of type RunSimpleMetrics
protocols.rosetta_scripts.ParsedProtocol: ParsedProtocol mover with the following movers and filters
protocols.rosetta_scripts.ParsedProtocol: added mover "rmsd_calc" with filter "true_filter"
protocols.rosetta_scripts.ParsedProtocol: =======================BEGIN MOVER RunSimpleMetrics - rmsd_calc=======================
protocols.rosetta_scripts.ParsedProtocol: setting status to success
protocols.jd2.JobDistributor: MTNLE_pep_carboxysome_28_28828657_0242_0001 reported success in 2 seconds
protocols.rosetta_scripts.RosettaScriptsParser: dock_design_filename=/home/limcaoco/ATPase_project/input_files/rosettascripts/RMSD.xml
protocols.rosetta_scripts.RosettaScriptsParser: Validating input script...
protocols.rosetta_scripts.RosettaScriptsParser: ...done
protocols.rosetta_scripts.RosettaScriptsParser: Parsed script:
<ROSETTASCRIPTS>
	<SCOREFXNS>
		<ScoreFunction name="all_atom" weights="ref2015"/>
	</SCOREFXNS>
	<SIMPLE_METRICS>
		<RMSDMetric name="rmsd" rmsd_type="rmsd_protein_bb_heavy" use_native="True"/>
	</SIMPLE_METRICS>
	<MOVERS>
		<RunSimpleMetrics name="rmsd_calc" override="True"/>
	</MOVERS>
	<PROTOCOLS>
		<Add mover="rmsd_calc"/>
	</PROTOCOLS>
</ROSETTASCRIPTS>
protocols.rosetta_scripts.RosettaScriptsParser: Loading native resource as native_pose to the datamap 
core.import_pose.import_pose: File '/home/limcaoco/ATPase_project/intermediate_files/reference_pdbs/MTNLE_pep_carboxysome_ref.pdb' automatically determined to be of type PDB
core.scoring.ScoreFunctionFactory: SCOREFUNCTION: ref2015
protocols.jd2.parser.ScoreFunctionLoader: defined score function "all_atom" with weights "ref2015"
protocols.rosetta_scripts.RosettaScriptsParser: Defined mover named "rmsd_calc" of type RunSimpleMetrics
protocols.rosetta_scripts.ParsedProtocol: ParsedProtocol mover with the following movers and filters
protocols.rosetta_scripts.ParsedProtocol: added mover "rmsd_calc" with filter "true_filter"
protocols.rosetta_scripts.ParsedProtocol: =======================BEGIN MOVER RunSimpleMetrics - rmsd_calc=======================
protocols.rosetta_scripts.ParsedProtocol: setting status to success
protocols.jd2.JobDistributor: MTNLE_pep_carboxysome_28_28828657_0243_0001 reported success in 2 seconds
protocols.rosetta_scripts.RosettaScriptsParser: dock_design_filename=/home/limcaoco/ATPase_project/input_files/rosettascripts/RMSD.xml
protocols.rosetta_scripts.RosettaScriptsParser: Validating input script...
protocols.rosetta_scripts.RosettaScriptsParser: ...done
protocols.rosetta_scripts.RosettaScriptsParser: Parsed script:
<ROSETTASCRIPTS>
	<SCOREFXNS>
		<ScoreFunction name="all_atom" weights="ref2015"/>
	</SCOREFXNS>
	<SIMPLE_METRICS>
		<RMSDMetric name="rmsd" rmsd_type="rmsd_protein_bb_heavy" use_native="True"/>
	</SIMPLE_METRICS>
	<MOVERS>
		<RunSimpleMetrics name="rmsd_calc" override="True"/>
	</MOVERS>
	<PROTOCOLS>
		<Add mover="rmsd_calc"/>
	</PROTOCOLS>
</ROSETTASCRIPTS>
protocols.rosetta_scripts.RosettaScriptsParser: Loading native resource as native_pose to the datamap 
core.import_pose.import_pose: File '/home/limcaoco/ATPase_project/intermediate_files/reference_pdbs/MTNLE_pep_carboxysome_ref.pdb' automatically determined to be of type PDB
core.scoring.ScoreFunctionFactory: SCOREFUNCTION: ref2015
protocols.jd2.parser.ScoreFunctionLoader: defined score function "all_atom" with weights "ref2015"
protocols.rosetta_scripts.RosettaScriptsParser: Defined mover named "rmsd_calc" of type RunSimpleMetrics
protocols.rosetta_scripts.ParsedProtocol: ParsedProtocol mover with the following movers and filters
protocols.rosetta_scripts.ParsedProtocol: added mover "rmsd_calc" with filter "true_filter"
protocols.rosetta_scripts.ParsedProtocol: =======================BEGIN MOVER RunSimpleMetrics - rmsd_calc=======================
protocols.rosetta_scripts.ParsedProtocol: setting status to success
protocols.jd2.JobDistributor: MTNLE_pep_carboxysome_28_28828657_0244_0001 reported success in 2 seconds
protocols.rosetta_scripts.RosettaScriptsParser: dock_design_filename=/home/limcaoco/ATPase_project/input_files/rosettascripts/RMSD.xml
protocols.rosetta_scripts.RosettaScriptsParser: Validating input script...
protocols.rosetta_scripts.RosettaScriptsParser: ...done
protocols.rosetta_scripts.RosettaScriptsParser: Parsed script:
<ROSETTASCRIPTS>
	<SCOREFXNS>
		<ScoreFunction name="all_atom" weights="ref2015"/>
	</SCOREFXNS>
	<SIMPLE_METRICS>
		<RMSDMetric name="rmsd" rmsd_type="rmsd_protein_bb_heavy" use_native="True"/>
	</SIMPLE_METRICS>
	<MOVERS>
		<RunSimpleMetrics name="rmsd_calc" override="True"/>
	</MOVERS>
	<PROTOCOLS>
		<Add mover="rmsd_calc"/>
	</PROTOCOLS>
</ROSETTASCRIPTS>
protocols.rosetta_scripts.RosettaScriptsParser: Loading native resource as native_pose to the datamap 
core.import_pose.import_pose: File '/home/limcaoco/ATPase_project/intermediate_files/reference_pdbs/MTNLE_pep_carboxysome_ref.pdb' automatically determined to be of type PDB
core.scoring.ScoreFunctionFactory: SCOREFUNCTION: ref2015
protocols.jd2.parser.ScoreFunctionLoader: defined score function "all_atom" with weights "ref2015"
protocols.rosetta_scripts.RosettaScriptsParser: Defined mover named "rmsd_calc" of type RunSimpleMetrics
protocols.rosetta_scripts.ParsedProtocol: ParsedProtocol mover with the following movers and filters
protocols.rosetta_scripts.ParsedProtocol: added mover "rmsd_calc" with filter "true_filter"
protocols.rosetta_scripts.ParsedProtocol: =======================BEGIN MOVER RunSimpleMetrics - rmsd_calc=======================
protocols.rosetta_scripts.ParsedProtocol: setting status to success
protocols.jd2.JobDistributor: MTNLE_pep_carboxysome_28_28828657_0245_0001 reported success in 2 seconds
protocols.rosetta_scripts.RosettaScriptsParser: dock_design_filename=/home/limcaoco/ATPase_project/input_files/rosettascripts/RMSD.xml
protocols.rosetta_scripts.RosettaScriptsParser: Validating input script...
protocols.rosetta_scripts.RosettaScriptsParser: ...done
protocols.rosetta_scripts.RosettaScriptsParser: Parsed script:
<ROSETTASCRIPTS>
	<SCOREFXNS>
		<ScoreFunction name="all_atom" weights="ref2015"/>
	</SCOREFXNS>
	<SIMPLE_METRICS>
		<RMSDMetric name="rmsd" rmsd_type="rmsd_protein_bb_heavy" use_native="True"/>
	</SIMPLE_METRICS>
	<MOVERS>
		<RunSimpleMetrics name="rmsd_calc" override="True"/>
	</MOVERS>
	<PROTOCOLS>
		<Add mover="rmsd_calc"/>
	</PROTOCOLS>
</ROSETTASCRIPTS>
protocols.rosetta_scripts.RosettaScriptsParser: Loading native resource as native_pose to the datamap 
core.import_pose.import_pose: File '/home/limcaoco/ATPase_project/intermediate_files/reference_pdbs/MTNLE_pep_carboxysome_ref.pdb' automatically determined to be of type PDB
core.scoring.ScoreFunctionFactory: SCOREFUNCTION: ref2015
protocols.jd2.parser.ScoreFunctionLoader: defined score function "all_atom" with weights "ref2015"
protocols.rosetta_scripts.RosettaScriptsParser: Defined mover named "rmsd_calc" of type RunSimpleMetrics
protocols.rosetta_scripts.ParsedProtocol: ParsedProtocol mover with the following movers and filters
protocols.rosetta_scripts.ParsedProtocol: added mover "rmsd_calc" with filter "true_filter"
protocols.rosetta_scripts.ParsedProtocol: =======================BEGIN MOVER RunSimpleMetrics - rmsd_calc=======================
protocols.rosetta_scripts.ParsedProtocol: setting status to success
protocols.jd2.JobDistributor: MTNLE_pep_carboxysome_28_28828657_0246_0001 reported success in 2 seconds
protocols.rosetta_scripts.RosettaScriptsParser: dock_design_filename=/home/limcaoco/ATPase_project/input_files/rosettascripts/RMSD.xml
protocols.rosetta_scripts.RosettaScriptsParser: Validating input script...
protocols.rosetta_scripts.RosettaScriptsParser: ...done
protocols.rosetta_scripts.RosettaScriptsParser: Parsed script:
<ROSETTASCRIPTS>
	<SCOREFXNS>
		<ScoreFunction name="all_atom" weights="ref2015"/>
	</SCOREFXNS>
	<SIMPLE_METRICS>
		<RMSDMetric name="rmsd" rmsd_type="rmsd_protein_bb_heavy" use_native="True"/>
	</SIMPLE_METRICS>
	<MOVERS>
		<RunSimpleMetrics name="rmsd_calc" override="True"/>
	</MOVERS>
	<PROTOCOLS>
		<Add mover="rmsd_calc"/>
	</PROTOCOLS>
</ROSETTASCRIPTS>
protocols.rosetta_scripts.RosettaScriptsParser: Loading native resource as native_pose to the datamap 
core.import_pose.import_pose: File '/home/limcaoco/ATPase_project/intermediate_files/reference_pdbs/MTNLE_pep_carboxysome_ref.pdb' automatically determined to be of type PDB
core.scoring.ScoreFunctionFactory: SCOREFUNCTION: ref2015
protocols.jd2.parser.ScoreFunctionLoader: defined score function "all_atom" with weights "ref2015"
protocols.rosetta_scripts.RosettaScriptsParser: Defined mover named "rmsd_calc" of type RunSimpleMetrics
protocols.rosetta_scripts.ParsedProtocol: ParsedProtocol mover with the following movers and filters
protocols.rosetta_scripts.ParsedProtocol: added mover "rmsd_calc" with filter "true_filter"
protocols.rosetta_scripts.ParsedProtocol: =======================BEGIN MOVER RunSimpleMetrics - rmsd_calc=======================
protocols.rosetta_scripts.ParsedProtocol: setting status to success
protocols.jd2.JobDistributor: MTNLE_pep_carboxysome_28_28828657_0247_0001 reported success in 1 seconds
protocols.rosetta_scripts.RosettaScriptsParser: dock_design_filename=/home/limcaoco/ATPase_project/input_files/rosettascripts/RMSD.xml
protocols.rosetta_scripts.RosettaScriptsParser: Validating input script...
protocols.rosetta_scripts.RosettaScriptsParser: ...done
protocols.rosetta_scripts.RosettaScriptsParser: Parsed script:
<ROSETTASCRIPTS>
	<SCOREFXNS>
		<ScoreFunction name="all_atom" weights="ref2015"/>
	</SCOREFXNS>
	<SIMPLE_METRICS>
		<RMSDMetric name="rmsd" rmsd_type="rmsd_protein_bb_heavy" use_native="True"/>
	</SIMPLE_METRICS>
	<MOVERS>
		<RunSimpleMetrics name="rmsd_calc" override="True"/>
	</MOVERS>
	<PROTOCOLS>
		<Add mover="rmsd_calc"/>
	</PROTOCOLS>
</ROSETTASCRIPTS>
protocols.rosetta_scripts.RosettaScriptsParser: Loading native resource as native_pose to the datamap 
core.import_pose.import_pose: File '/home/limcaoco/ATPase_project/intermediate_files/reference_pdbs/MTNLE_pep_carboxysome_ref.pdb' automatically determined to be of type PDB
core.scoring.ScoreFunctionFactory: SCOREFUNCTION: ref2015
protocols.jd2.parser.ScoreFunctionLoader: defined score function "all_atom" with weights "ref2015"
protocols.rosetta_scripts.RosettaScriptsParser: Defined mover named "rmsd_calc" of type RunSimpleMetrics
protocols.rosetta_scripts.ParsedProtocol: ParsedProtocol mover with the following movers and filters
protocols.rosetta_scripts.ParsedProtocol: added mover "rmsd_calc" with filter "true_filter"
protocols.rosetta_scripts.ParsedProtocol: =======================BEGIN MOVER RunSimpleMetrics - rmsd_calc=======================
protocols.rosetta_scripts.ParsedProtocol: setting status to success
protocols.jd2.JobDistributor: MTNLE_pep_carboxysome_28_28828657_0248_0001 reported success in 2 seconds
protocols.rosetta_scripts.RosettaScriptsParser: dock_design_filename=/home/limcaoco/ATPase_project/input_files/rosettascripts/RMSD.xml
protocols.rosetta_scripts.RosettaScriptsParser: Validating input script...
protocols.rosetta_scripts.RosettaScriptsParser: ...done
protocols.rosetta_scripts.RosettaScriptsParser: Parsed script:
<ROSETTASCRIPTS>
	<SCOREFXNS>
		<ScoreFunction name="all_atom" weights="ref2015"/>
	</SCOREFXNS>
	<SIMPLE_METRICS>
		<RMSDMetric name="rmsd" rmsd_type="rmsd_protein_bb_heavy" use_native="True"/>
	</SIMPLE_METRICS>
	<MOVERS>
		<RunSimpleMetrics name="rmsd_calc" override="True"/>
	</MOVERS>
	<PROTOCOLS>
		<Add mover="rmsd_calc"/>
	</PROTOCOLS>
</ROSETTASCRIPTS>
protocols.rosetta_scripts.RosettaScriptsParser: Loading native resource as native_pose to the datamap 
core.import_pose.import_pose: File '/home/limcaoco/ATPase_project/intermediate_files/reference_pdbs/MTNLE_pep_carboxysome_ref.pdb' automatically determined to be of type PDB
core.scoring.ScoreFunctionFactory: SCOREFUNCTION: ref2015
protocols.jd2.parser.ScoreFunctionLoader: defined score function "all_atom" with weights "ref2015"
protocols.rosetta_scripts.RosettaScriptsParser: Defined mover named "rmsd_calc" of type RunSimpleMetrics
protocols.rosetta_scripts.ParsedProtocol: ParsedProtocol mover with the following movers and filters
protocols.rosetta_scripts.ParsedProtocol: added mover "rmsd_calc" with filter "true_filter"
protocols.rosetta_scripts.ParsedProtocol: =======================BEGIN MOVER RunSimpleMetrics - rmsd_calc=======================
protocols.rosetta_scripts.ParsedProtocol: setting status to success
protocols.jd2.JobDistributor: MTNLE_pep_carboxysome_28_28828657_0249_0001 reported success in 2 seconds
protocols.rosetta_scripts.RosettaScriptsParser: dock_design_filename=/home/limcaoco/ATPase_project/input_files/rosettascripts/RMSD.xml
protocols.rosetta_scripts.RosettaScriptsParser: Validating input script...
protocols.rosetta_scripts.RosettaScriptsParser: ...done
protocols.rosetta_scripts.RosettaScriptsParser: Parsed script:
<ROSETTASCRIPTS>
	<SCOREFXNS>
		<ScoreFunction name="all_atom" weights="ref2015"/>
	</SCOREFXNS>
	<SIMPLE_METRICS>
		<RMSDMetric name="rmsd" rmsd_type="rmsd_protein_bb_heavy" use_native="True"/>
	</SIMPLE_METRICS>
	<MOVERS>
		<RunSimpleMetrics name="rmsd_calc" override="True"/>
	</MOVERS>
	<PROTOCOLS>
		<Add mover="rmsd_calc"/>
	</PROTOCOLS>
</ROSETTASCRIPTS>
protocols.rosetta_scripts.RosettaScriptsParser: Loading native resource as native_pose to the datamap 
core.import_pose.import_pose: File '/home/limcaoco/ATPase_project/intermediate_files/reference_pdbs/MTNLE_pep_carboxysome_ref.pdb' automatically determined to be of type PDB
core.scoring.ScoreFunctionFactory: SCOREFUNCTION: ref2015
protocols.jd2.parser.ScoreFunctionLoader: defined score function "all_atom" with weights "ref2015"
protocols.rosetta_scripts.RosettaScriptsParser: Defined mover named "rmsd_calc" of type RunSimpleMetrics
protocols.rosetta_scripts.ParsedProtocol: ParsedProtocol mover with the following movers and filters
protocols.rosetta_scripts.ParsedProtocol: added mover "rmsd_calc" with filter "true_filter"
protocols.rosetta_scripts.ParsedProtocol: =======================BEGIN MOVER RunSimpleMetrics - rmsd_calc=======================
protocols.rosetta_scripts.ParsedProtocol: setting status to success
protocols.jd2.JobDistributor: MTNLE_pep_carboxysome_28_28828657_0250_0001 reported success in 2 seconds
protocols.jd2.JobDistributor: no more batches to process... 
protocols.jd2.JobDistributor: 48 jobs considered, 48 jobs attempted in 97 seconds
